[14-Aug-2019 12:10:12 UTC] デバッグ：クエリ成功。
[14-Aug-2019 12:10:31 UTC] デバッグ：ログイン済みユーザーです。
[14-Aug-2019 12:10:31 UTC] デバッグ：ログイン有効期限以内です。
[14-Aug-2019 12:10:31 UTC] デバッグ：クエリ成功。
[14-Aug-2019 12:10:34 UTC] デバッグ：クエリ成功。
[14-Aug-2019 12:10:43 UTC] デバッグ：ログイン済みユーザーです。
[14-Aug-2019 12:10:43 UTC] デバッグ：ログイン有効期限以内です。
[14-Aug-2019 12:10:43 UTC] デバッグ：クエリ成功。
[14-Aug-2019 12:36:56 UTC] デバッグ：クエリ成功。
[14-Aug-2019 12:38:40 UTC] デバッグ：ログイン済みユーザーです。
[14-Aug-2019 12:38:40 UTC] デバッグ：ログイン有効期限以内です。
[14-Aug-2019 12:38:40 UTC] デバッグ：クエリ成功。
[14-Aug-2019 12:45:47 UTC] デバッグ：ログイン済みユーザーです。
[14-Aug-2019 12:45:47 UTC] デバッグ：ログイン有効期限以内です。
[14-Aug-2019 12:45:47 UTC] デバッグ：クエリ成功。
[14-Aug-2019 12:55:40 UTC] デバッグ：ログイン済みユーザーです。
[14-Aug-2019 12:55:40 UTC] デバッグ：ログイン有効期限以内です。
[14-Aug-2019 12:55:40 UTC] デバッグ：クエリ成功。
[14-Aug-2019 13:01:50 UTC] デバッグ：ログイン済みユーザーです。
[14-Aug-2019 13:01:50 UTC] デバッグ：ログイン有効期限以内です。
[14-Aug-2019 13:01:50 UTC] デバッグ：クエリ成功。
[14-Aug-2019 13:02:39 UTC] デバッグ：ログイン済みユーザーです。
[14-Aug-2019 13:02:39 UTC] デバッグ：ログイン有効期限以内です。
[14-Aug-2019 13:02:39 UTC] デバッグ：クエリ成功。
[14-Aug-2019 13:02:43 UTC] デバッグ：ログイン済みユーザーです。
[14-Aug-2019 13:02:43 UTC] デバッグ：ログイン有効期限以内です。
[14-Aug-2019 13:02:43 UTC] デバッグ：クエリ成功。
[14-Aug-2019 13:02:46 UTC] デバッグ：ログイン済みユーザーです。
[14-Aug-2019 13:02:46 UTC] デバッグ：ログイン有効期限以内です。
[14-Aug-2019 13:02:46 UTC] デバッグ：クエリ成功。
[14-Aug-2019 13:09:35 UTC] デバッグ：ログイン済みユーザーです。
[14-Aug-2019 13:09:35 UTC] デバッグ：ログイン有効期限以内です。
[14-Aug-2019 13:09:35 UTC] デバッグ：クエリ成功。
[14-Aug-2019 13:09:48 UTC] デバッグ：ログイン済みユーザーです。
[14-Aug-2019 13:09:48 UTC] デバッグ：ログイン有効期限以内です。
[14-Aug-2019 13:09:48 UTC] デバッグ：クエリ成功。
[14-Aug-2019 13:09:56 UTC] デバッグ：ログイン済みユーザーです。
[14-Aug-2019 13:09:56 UTC] デバッグ：ログイン有効期限以内です。
[14-Aug-2019 13:09:56 UTC] デバッグ：クエリ成功。
[14-Aug-2019 13:13:11 UTC] デバッグ：ログイン済みユーザーです。
[14-Aug-2019 13:13:11 UTC] デバッグ：ログイン有効期限以内です。
[14-Aug-2019 13:13:11 UTC] デバッグ：クエリ成功。
[14-Aug-2019 13:13:16 UTC] デバッグ：クエリ成功。
[14-Aug-2019 13:13:31 UTC] デバッグ：ログイン済みユーザーです。
[14-Aug-2019 13:13:31 UTC] デバッグ：ログイン有効期限以内です。
[14-Aug-2019 13:13:31 UTC] デバッグ：クエリ成功。
[14-Aug-2019 13:13:35 UTC] デバッグ：ログイン済みユーザーです。
[14-Aug-2019 13:13:35 UTC] デバッグ：ログイン有効期限以内です。
[14-Aug-2019 13:13:35 UTC] デバッグ：クエリ成功。
[15-Aug-2019 11:36:22 UTC] デバッグ：クエリ成功。
[15-Aug-2019 11:40:17 UTC] デバッグ：ログイン済みユーザーです。
[15-Aug-2019 11:40:17 UTC] デバッグ：ログイン有効期限以内です。
[15-Aug-2019 11:40:17 UTC] デバッグ：クエリ成功。
[15-Aug-2019 11:43:15 UTC] デバッグ：ログイン済みユーザーです。
[15-Aug-2019 11:43:15 UTC] デバッグ：ログイン有効期限以内です。
[15-Aug-2019 11:43:15 UTC] デバッグ：クエリ成功。
[15-Aug-2019 11:51:01 UTC] デバッグ：ログイン済みユーザーです。
[15-Aug-2019 11:51:01 UTC] デバッグ：ログイン有効期限以内です。
[15-Aug-2019 11:51:01 UTC] デバッグ：クエリ成功。
[15-Aug-2019 11:51:38 UTC] デバッグ：ログイン済みユーザーです。
[15-Aug-2019 11:51:38 UTC] デバッグ：ログイン有効期限以内です。
[15-Aug-2019 11:51:38 UTC] デバッグ：クエリ成功。
[15-Aug-2019 11:52:55 UTC] デバッグ：ログイン済みユーザーです。
[15-Aug-2019 11:52:55 UTC] デバッグ：ログイン有効期限以内です。
[15-Aug-2019 11:52:55 UTC] デバッグ：クエリ成功。
[15-Aug-2019 11:52:58 UTC] デバッグ：ログイン済みユーザーです。
[15-Aug-2019 11:52:58 UTC] デバッグ：ログイン有効期限以内です。
[15-Aug-2019 11:52:58 UTC] デバッグ：クエリ成功。
[15-Aug-2019 11:53:00 UTC] デバッグ：ログイン済みユーザーです。
[15-Aug-2019 11:53:00 UTC] デバッグ：ログイン有効期限以内です。
[15-Aug-2019 11:53:00 UTC] デバッグ：クエリ成功。
[15-Aug-2019 11:54:16 UTC] デバッグ：ログイン済みユーザーです。
[15-Aug-2019 11:54:16 UTC] デバッグ：ログイン有効期限以内です。
[15-Aug-2019 11:54:16 UTC] デバッグ：クエリ成功。
[15-Aug-2019 11:54:20 UTC] デバッグ：ログイン済みユーザーです。
[15-Aug-2019 11:54:20 UTC] デバッグ：ログイン有効期限以内です。
[15-Aug-2019 11:54:20 UTC] デバッグ：クエリ成功。
[15-Aug-2019 11:55:48 UTC] デバッグ：ログイン済みユーザーです。
[15-Aug-2019 11:55:48 UTC] デバッグ：ログイン有効期限以内です。
[15-Aug-2019 11:55:48 UTC] デバッグ：クエリ成功。
[15-Aug-2019 11:56:12 UTC] デバッグ：ログイン済みユーザーです。
[15-Aug-2019 11:56:12 UTC] デバッグ：ログイン有効期限以内です。
[15-Aug-2019 11:56:12 UTC] デバッグ：クエリ成功。
[15-Aug-2019 11:56:30 UTC] デバッグ：ログイン済みユーザーです。
[15-Aug-2019 11:56:30 UTC] デバッグ：ログイン有効期限以内です。
[15-Aug-2019 11:56:30 UTC] デバッグ：クエリ成功。
[15-Aug-2019 12:00:38 UTC] デバッグ：ログイン済みユーザーです。
[15-Aug-2019 12:00:38 UTC] デバッグ：ログイン有効期限以内です。
[15-Aug-2019 12:00:38 UTC] デバッグ：クエリ成功。
[15-Aug-2019 12:02:00 UTC] デバッグ：ログイン済みユーザーです。
[15-Aug-2019 12:02:00 UTC] デバッグ：ログイン有効期限以内です。
[15-Aug-2019 12:02:00 UTC] デバッグ：クエリ成功。
[15-Aug-2019 12:02:04 UTC] デバッグ：ログイン済みユーザーです。
[15-Aug-2019 12:02:04 UTC] デバッグ：ログイン有効期限以内です。
[15-Aug-2019 12:02:04 UTC] デバッグ：クエリ成功。
[15-Aug-2019 12:03:20 UTC] デバッグ：ログイン済みユーザーです。
[15-Aug-2019 12:03:20 UTC] デバッグ：ログイン有効期限以内です。
[15-Aug-2019 12:03:20 UTC] デバッグ：クエリ成功。
[15-Aug-2019 12:03:22 UTC] デバッグ：クエリ成功。
[15-Aug-2019 12:03:36 UTC] デバッグ：クエリ成功。
[15-Aug-2019 12:04:16 UTC] デバッグ：クエリ成功。
[15-Aug-2019 12:04:21 UTC] デバッグ：クエリ成功。
[15-Aug-2019 12:04:29 UTC] デバッグ：クエリ成功。
[15-Aug-2019 12:05:13 UTC] デバッグ：クエリ成功。
[15-Aug-2019 12:05:21 UTC] デバッグ：クエリ成功。
[15-Aug-2019 12:05:21 UTC] デバッグ：クエリ成功。
[15-Aug-2019 12:05:22 UTC] デバッグ：クエリ成功。
[15-Aug-2019 12:05:23 UTC] デバッグ：クエリ成功。
[15-Aug-2019 12:06:11 UTC] デバッグ：クエリ成功。
[15-Aug-2019 12:06:55 UTC] デバッグ：クエリ成功。
[15-Aug-2019 12:08:29 UTC] デバッグ：クエリ成功。
[15-Aug-2019 12:08:30 UTC] デバッグ：クエリ成功。
[15-Aug-2019 12:08:33 UTC] デバッグ：クエリ成功。
[15-Aug-2019 12:10:40 UTC] デバッグ：クエリ成功。
[15-Aug-2019 12:10:48 UTC] デバッグ：ログイン済みユーザーです。
[15-Aug-2019 12:10:48 UTC] デバッグ：ログイン有効期限以内です。
[15-Aug-2019 12:10:48 UTC] デバッグ：クエリ成功。
[15-Aug-2019 12:10:53 UTC] デバッグ：クエリ成功。
[15-Aug-2019 12:10:55 UTC] デバッグ：クエリ成功。
[15-Aug-2019 12:12:44 UTC] デバッグ：クエリ成功。
[15-Aug-2019 12:17:24 UTC] デバッグ：クエリ成功。
[15-Aug-2019 12:17:26 UTC] デバッグ：クエリ成功。
[15-Aug-2019 12:18:25 UTC] デバッグ：クエリ成功。
[15-Aug-2019 12:18:41 UTC] デバッグ：クエリ成功。
[15-Aug-2019 12:18:48 UTC] デバッグ：クエリ成功。
[15-Aug-2019 12:19:05 UTC] デバッグ：クエリ成功。
[15-Aug-2019 12:22:18 UTC] デバッグ：クエリ成功。
[15-Aug-2019 12:22:20 UTC] デバッグ：クエリ成功。
[15-Aug-2019 12:23:15 UTC] デバッグ：クエリ成功。
[15-Aug-2019 12:23:18 UTC] デバッグ：クエリ成功。
[15-Aug-2019 12:24:38 UTC] デバッグ：クエリ成功。
[15-Aug-2019 12:24:43 UTC] デバッグ：クエリ成功。
[15-Aug-2019 12:31:23 UTC] デバッグ：クエリ成功。
[15-Aug-2019 12:31:25 UTC] デバッグ：クエリ成功。
[15-Aug-2019 12:31:28 UTC] デバッグ：クエリ成功。
[15-Aug-2019 12:31:49 UTC] デバッグ：クエリ成功。
[15-Aug-2019 12:41:47 UTC] デバッグ：クエリ成功。
[15-Aug-2019 12:42:18 UTC] デバッグ：クエリ成功。
[15-Aug-2019 12:42:46 UTC] デバッグ：クエリ成功。
[15-Aug-2019 12:42:47 UTC] デバッグ：クエリ成功。
[15-Aug-2019 12:44:48 UTC] デバッグ：クエリ成功。
[15-Aug-2019 12:46:49 UTC] PHP Fatal error:  Cannot redeclare sort_Items_by_Comment() (previously declared in /Applications/MAMP/htdocs/freemarket/Controller/Super_User_Controller.php:249) in /Applications/MAMP/htdocs/freemarket/Controller/Super_User_Controller.php on line 275
[15-Aug-2019 12:46:49 UTC] PHP Stack trace:
[15-Aug-2019 12:46:49 UTC] PHP   1. {main}() /Applications/MAMP/htdocs/freemarket/index.php:0
[15-Aug-2019 12:47:22 UTC] デバッグ：クエリ成功。
[15-Aug-2019 12:47:23 UTC] デバッグ：クエリ成功。
[15-Aug-2019 12:47:36 UTC] デバッグ：クエリ成功。
[15-Aug-2019 12:55:22 UTC] PHP Warning:  Invalid argument supplied for foreach() in /Applications/MAMP/htdocs/freemarket/index.php on line 124
[15-Aug-2019 12:55:22 UTC] PHP Stack trace:
[15-Aug-2019 12:55:22 UTC] PHP   1. {main}() /Applications/MAMP/htdocs/freemarket/index.php:0
[15-Aug-2019 12:55:40 UTC] PHP Warning:  Invalid argument supplied for foreach() in /Applications/MAMP/htdocs/freemarket/index.php on line 124
[15-Aug-2019 12:55:40 UTC] PHP Stack trace:
[15-Aug-2019 12:55:40 UTC] PHP   1. {main}() /Applications/MAMP/htdocs/freemarket/index.php:0
[15-Aug-2019 12:56:13 UTC] デバッグ：クエリ成功。
[15-Aug-2019 12:56:33 UTC] デバッグ：クエリ成功。
[15-Aug-2019 12:56:35 UTC] デバッグ：クエリ成功。
[15-Aug-2019 12:56:37 UTC] デバッグ：クエリ成功。
[15-Aug-2019 12:56:40 UTC] デバッグ：クエリ成功。
[15-Aug-2019 12:57:08 UTC] デバッグ：クエリ成功。
[15-Aug-2019 12:58:24 UTC] デバッグ：クエリ成功。
[15-Aug-2019 13:00:49 UTC] デバッグ：クエリ成功。
[15-Aug-2019 13:00:50 UTC] デバッグ：クエリ成功。
[15-Aug-2019 13:00:56 UTC] デバッグ：クエリ成功。
[15-Aug-2019 13:00:59 UTC] デバッグ：クエリ成功。
[15-Aug-2019 13:01:09 UTC] デバッグ：ログイン済みユーザーです。
[15-Aug-2019 13:01:09 UTC] デバッグ：ログイン有効期限以内です。
[15-Aug-2019 13:01:09 UTC] デバッグ：クエリ成功。
[15-Aug-2019 13:01:12 UTC] デバッグ：ログイン済みユーザーです。
[15-Aug-2019 13:01:12 UTC] デバッグ：ログイン有効期限以内です。
[15-Aug-2019 13:01:12 UTC] デバッグ：クエリ成功。
[15-Aug-2019 13:01:15 UTC] デバッグ：ログイン済みユーザーです。
[15-Aug-2019 13:01:15 UTC] デバッグ：ログイン有効期限以内です。
[15-Aug-2019 13:01:15 UTC] デバッグ：クエリ成功。
[15-Aug-2019 13:04:53 UTC] デバッグ：ログイン済みユーザーです。
[15-Aug-2019 13:04:53 UTC] デバッグ：ログイン有効期限以内です。
[15-Aug-2019 13:04:53 UTC] デバッグ：クエリ成功。
[15-Aug-2019 13:20:11 UTC] デバッグ：ログイン済みユーザーです。
[15-Aug-2019 13:20:11 UTC] デバッグ：ログイン有効期限以内です。
[15-Aug-2019 13:20:11 UTC] デバッグ：クエリ成功。
[15-Aug-2019 13:20:13 UTC] デバッグ：ログイン済みユーザーです。
[15-Aug-2019 13:20:13 UTC] デバッグ：ログイン有効期限以内です。
[15-Aug-2019 13:20:13 UTC] デバッグ：クエリ成功。
[15-Aug-2019 13:20:16 UTC] デバッグ：クエリ成功。
[15-Aug-2019 13:20:22 UTC] デバッグ：ログイン済みユーザーです。
[15-Aug-2019 13:20:22 UTC] デバッグ：ログイン有効期限以内です。
[15-Aug-2019 13:20:22 UTC] デバッグ：クエリ成功。
[15-Aug-2019 13:20:28 UTC] デバッグ：ログイン済みユーザーです。
[15-Aug-2019 13:20:28 UTC] デバッグ：ログイン有効期限以内です。
[15-Aug-2019 13:20:28 UTC] デバッグ：クエリ成功。
[15-Aug-2019 13:41:57 UTC] デバッグ：ログイン済みユーザーです。
[15-Aug-2019 13:41:57 UTC] デバッグ：ログイン有効期限以内です。
[15-Aug-2019 13:41:57 UTC] デバッグ：クエリ成功。
[15-Aug-2019 13:59:51 UTC] デバッグ：ログイン済みユーザーです。
[15-Aug-2019 13:59:51 UTC] デバッグ：ログイン有効期限以内です。
[15-Aug-2019 13:59:51 UTC] デバッグ：クエリ成功。
[15-Aug-2019 13:59:58 UTC] デバッグ：ログイン済みユーザーです。
[15-Aug-2019 13:59:58 UTC] デバッグ：ログイン有効期限以内です。
[15-Aug-2019 13:59:58 UTC] デバッグ：クエリ成功。
[15-Aug-2019 14:00:43 UTC] デバッグ：ログイン済みユーザーです。
[15-Aug-2019 14:00:43 UTC] デバッグ：ログイン有効期限以内です。
[15-Aug-2019 14:00:43 UTC] デバッグ：クエリ成功。
[16-Aug-2019 10:59:05 UTC] デバッグ：クエリ成功。
[16-Aug-2019 11:06:34 UTC] デバッグ：クエリ成功。
[16-Aug-2019 11:06:36 UTC] デバッグ：クエリ成功。
[16-Aug-2019 11:06:48 UTC] デバッグ：クエリ成功。
[16-Aug-2019 11:06:51 UTC] デバッグ：クエリ成功。
[16-Aug-2019 11:06:55 UTC] デバッグ：クエリ成功。
[16-Aug-2019 11:06:58 UTC] デバッグ：クエリ成功。
[16-Aug-2019 11:07:01 UTC] デバッグ：クエリ成功。
[16-Aug-2019 11:07:28 UTC] デバッグ：ログイン済みユーザーです。
[16-Aug-2019 11:07:28 UTC] デバッグ：ログイン有効期限以内です。
[16-Aug-2019 11:07:28 UTC] デバッグ：クエリ成功。
[16-Aug-2019 11:09:53 UTC] デバッグ：ログイン済みユーザーです。
[16-Aug-2019 11:09:53 UTC] デバッグ：ログイン有効期限以内です。
[16-Aug-2019 11:09:53 UTC] デバッグ：クエリ成功。
[16-Aug-2019 11:10:00 UTC] デバッグ：ログイン済みユーザーです。
[16-Aug-2019 11:10:00 UTC] デバッグ：ログイン有効期限以内です。
[16-Aug-2019 11:10:00 UTC] デバッグ：クエリ成功。
[16-Aug-2019 11:10:02 UTC] デバッグ：ログイン済みユーザーです。
[16-Aug-2019 11:10:02 UTC] デバッグ：ログイン有効期限以内です。
[16-Aug-2019 11:10:02 UTC] デバッグ：クエリ成功。
[16-Aug-2019 11:11:25 UTC] デバッグ：ログイン済みユーザーです。
[16-Aug-2019 11:11:25 UTC] デバッグ：ログイン有効期限以内です。
[16-Aug-2019 11:11:25 UTC] デバッグ：クエリ成功。
[16-Aug-2019 11:11:28 UTC] デバッグ：ログイン済みユーザーです。
[16-Aug-2019 11:11:28 UTC] デバッグ：ログイン有効期限以内です。
[16-Aug-2019 11:11:28 UTC] デバッグ：クエリ成功。
[16-Aug-2019 11:18:39 UTC] デバッグ：ログイン済みユーザーです。
[16-Aug-2019 11:18:39 UTC] デバッグ：ログイン有効期限以内です。
[16-Aug-2019 11:18:39 UTC] デバッグ：クエリ成功。
[16-Aug-2019 11:18:42 UTC] デバッグ：ログイン済みユーザーです。
[16-Aug-2019 11:18:42 UTC] デバッグ：ログイン有効期限以内です。
[16-Aug-2019 11:18:42 UTC] デバッグ：クエリ成功。
[16-Aug-2019 11:18:56 UTC] デバッグ：ログイン済みユーザーです。
[16-Aug-2019 11:18:56 UTC] デバッグ：ログイン有効期限以内です。
[16-Aug-2019 11:18:56 UTC] デバッグ：クエリ成功。
[16-Aug-2019 11:19:05 UTC] デバッグ：ログイン済みユーザーです。
[16-Aug-2019 11:19:05 UTC] デバッグ：ログイン有効期限以内です。
[16-Aug-2019 11:19:05 UTC] デバッグ：クエリ成功。
[16-Aug-2019 11:19:16 UTC] デバッグ：ログイン済みユーザーです。
[16-Aug-2019 11:19:16 UTC] デバッグ：ログイン有効期限以内です。
[16-Aug-2019 11:19:16 UTC] デバッグ：クエリ成功。
[16-Aug-2019 11:19:20 UTC] デバッグ：ログイン済みユーザーです。
[16-Aug-2019 11:19:20 UTC] デバッグ：ログイン有効期限以内です。
[16-Aug-2019 11:19:20 UTC] デバッグ：クエリ成功。
[16-Aug-2019 11:19:34 UTC] デバッグ：ログイン済みユーザーです。
[16-Aug-2019 11:19:34 UTC] デバッグ：ログイン有効期限以内です。
[16-Aug-2019 11:19:34 UTC] デバッグ：クエリ成功。
[16-Aug-2019 11:19:35 UTC] デバッグ：ログイン済みユーザーです。
[16-Aug-2019 11:19:35 UTC] デバッグ：ログイン有効期限以内です。
[16-Aug-2019 11:19:35 UTC] デバッグ：クエリ成功。
[16-Aug-2019 11:19:37 UTC] デバッグ：ログイン済みユーザーです。
[16-Aug-2019 11:19:37 UTC] デバッグ：ログイン有効期限以内です。
[16-Aug-2019 11:19:37 UTC] デバッグ：クエリ成功。
[16-Aug-2019 11:19:55 UTC] デバッグ：ログイン済みユーザーです。
[16-Aug-2019 11:19:55 UTC] デバッグ：ログイン有効期限以内です。
[16-Aug-2019 11:19:55 UTC] デバッグ：クエリ成功。
[16-Aug-2019 11:19:58 UTC] デバッグ：ログイン済みユーザーです。
[16-Aug-2019 11:19:58 UTC] デバッグ：ログイン有効期限以内です。
[16-Aug-2019 11:19:58 UTC] デバッグ：クエリ成功。
[16-Aug-2019 11:20:02 UTC] デバッグ：ログイン済みユーザーです。
[16-Aug-2019 11:20:02 UTC] デバッグ：ログイン有効期限以内です。
[16-Aug-2019 11:20:02 UTC] デバッグ：クエリ成功。
[16-Aug-2019 11:21:32 UTC] デバッグ：ログイン済みユーザーです。
[16-Aug-2019 11:21:32 UTC] デバッグ：ログイン有効期限以内です。
[16-Aug-2019 11:21:32 UTC] デバッグ：クエリ成功。
[16-Aug-2019 11:21:33 UTC] デバッグ：ログイン済みユーザーです。
[16-Aug-2019 11:21:33 UTC] デバッグ：ログイン有効期限以内です。
[16-Aug-2019 11:21:33 UTC] デバッグ：クエリ成功。
[16-Aug-2019 11:21:36 UTC] デバッグ：ログイン済みユーザーです。
[16-Aug-2019 11:21:36 UTC] デバッグ：ログイン有効期限以内です。
[16-Aug-2019 11:21:36 UTC] PHP Notice:  Undefined index: sort-style in /Applications/MAMP/htdocs/freemarket/index.php on line 37
[16-Aug-2019 11:21:36 UTC] PHP Stack trace:
[16-Aug-2019 11:21:36 UTC] PHP   1. {main}() /Applications/MAMP/htdocs/freemarket/index.php:0
[16-Aug-2019 11:21:36 UTC] PHP Warning:  Invalid argument supplied for foreach() in /Applications/MAMP/htdocs/freemarket/index.php on line 124
[16-Aug-2019 11:21:36 UTC] PHP Stack trace:
[16-Aug-2019 11:21:36 UTC] PHP   1. {main}() /Applications/MAMP/htdocs/freemarket/index.php:0
[16-Aug-2019 11:21:52 UTC] デバッグ：ログイン済みユーザーです。
[16-Aug-2019 11:21:52 UTC] デバッグ：ログイン有効期限以内です。
[16-Aug-2019 11:21:52 UTC] PHP Notice:  Undefined index: sort-style in /Applications/MAMP/htdocs/freemarket/index.php on line 37
[16-Aug-2019 11:21:52 UTC] PHP Stack trace:
[16-Aug-2019 11:21:52 UTC] PHP   1. {main}() /Applications/MAMP/htdocs/freemarket/index.php:0
[16-Aug-2019 11:21:52 UTC] PHP Warning:  Invalid argument supplied for foreach() in /Applications/MAMP/htdocs/freemarket/index.php on line 124
[16-Aug-2019 11:21:52 UTC] PHP Stack trace:
[16-Aug-2019 11:21:52 UTC] PHP   1. {main}() /Applications/MAMP/htdocs/freemarket/index.php:0
[16-Aug-2019 11:22:03 UTC] デバッグ：ログイン済みユーザーです。
[16-Aug-2019 11:22:04 UTC] デバッグ：ログイン有効期限以内です。
[16-Aug-2019 11:22:27 UTC] デバッグ：ログイン済みユーザーです。
[16-Aug-2019 11:22:27 UTC] デバッグ：ログイン有効期限以内です。
[16-Aug-2019 11:22:27 UTC] デバッグ：クエリ成功。
[16-Aug-2019 11:22:30 UTC] デバッグ：ログイン済みユーザーです。
[16-Aug-2019 11:22:30 UTC] デバッグ：ログイン有効期限以内です。
[16-Aug-2019 11:22:30 UTC] デバッグ：クエリ成功。
[16-Aug-2019 11:22:33 UTC] デバッグ：ログイン済みユーザーです。
[16-Aug-2019 11:22:33 UTC] デバッグ：ログイン有効期限以内です。
[16-Aug-2019 11:22:33 UTC] デバッグ：クエリ成功。
[16-Aug-2019 11:22:39 UTC] デバッグ：ログイン済みユーザーです。
[16-Aug-2019 11:22:39 UTC] デバッグ：ログイン有効期限以内です。
[16-Aug-2019 11:22:39 UTC] デバッグ：クエリ成功。
[16-Aug-2019 11:22:41 UTC] デバッグ：ログイン済みユーザーです。
[16-Aug-2019 11:22:41 UTC] デバッグ：ログイン有効期限以内です。
[16-Aug-2019 11:22:41 UTC] デバッグ：クエリ成功。
[16-Aug-2019 11:30:23 UTC] デバッグ：ログイン済みユーザーです。
[16-Aug-2019 11:30:23 UTC] デバッグ：ログイン有効期限以内です。
[16-Aug-2019 11:30:23 UTC] デバッグ：クエリ成功。
[16-Aug-2019 11:31:22 UTC] デバッグ：ログイン済みユーザーです。
[16-Aug-2019 11:31:22 UTC] デバッグ：ログイン有効期限以内です。
[16-Aug-2019 11:31:22 UTC] デバッグ：クエリ成功。
[16-Aug-2019 11:31:25 UTC] デバッグ：ログイン済みユーザーです。
[16-Aug-2019 11:31:25 UTC] デバッグ：ログイン有効期限以内です。
[16-Aug-2019 11:31:25 UTC] デバッグ：クエリ成功。
[16-Aug-2019 11:31:27 UTC] デバッグ：ログイン済みユーザーです。
[16-Aug-2019 11:31:27 UTC] デバッグ：ログイン有効期限以内です。
[16-Aug-2019 11:31:27 UTC] デバッグ：クエリ成功。
[16-Aug-2019 11:31:30 UTC] デバッグ：ログイン済みユーザーです。
[16-Aug-2019 11:31:30 UTC] デバッグ：ログイン有効期限以内です。
[16-Aug-2019 11:31:30 UTC] デバッグ：クエリ成功。
[16-Aug-2019 11:41:44 UTC] デバッグ：ログイン済みユーザーです。
[16-Aug-2019 11:41:44 UTC] デバッグ：ログイン有効期限以内です。
[16-Aug-2019 11:41:44 UTC] デバッグ：クエリ成功。
[16-Aug-2019 11:42:45 UTC] デバッグ：ログイン済みユーザーです。
[16-Aug-2019 11:42:45 UTC] デバッグ：ログイン有効期限以内です。
[16-Aug-2019 11:42:45 UTC] デバッグ：クエリ成功。
[16-Aug-2019 11:42:48 UTC] デバッグ：ログイン済みユーザーです。
[16-Aug-2019 11:42:48 UTC] デバッグ：ログイン有効期限以内です。
[16-Aug-2019 11:42:48 UTC] デバッグ：クエリ成功。
[16-Aug-2019 11:42:51 UTC] デバッグ：ログイン済みユーザーです。
[16-Aug-2019 11:42:51 UTC] デバッグ：ログイン有効期限以内です。
[16-Aug-2019 11:42:51 UTC] デバッグ：クエリ成功。
[16-Aug-2019 11:42:53 UTC] デバッグ：ログイン済みユーザーです。
[16-Aug-2019 11:42:53 UTC] デバッグ：ログイン有効期限以内です。
[16-Aug-2019 11:42:53 UTC] デバッグ：クエリ成功。
[16-Aug-2019 11:45:38 UTC] デバッグ：ログイン済みユーザーです。
[16-Aug-2019 11:45:38 UTC] デバッグ：ログイン有効期限以内です。
[16-Aug-2019 11:45:38 UTC] デバッグ：クエリ成功。
[16-Aug-2019 11:45:42 UTC] デバッグ：ログイン済みユーザーです。
[16-Aug-2019 11:45:42 UTC] デバッグ：ログイン有効期限以内です。
[16-Aug-2019 11:45:42 UTC] デバッグ：クエリ成功。
[16-Aug-2019 12:04:08 UTC] デバッグ：ログイン済みユーザーです。
[16-Aug-2019 12:04:08 UTC] デバッグ：ログイン有効期限以内です。
[16-Aug-2019 12:04:08 UTC] デバッグ：クエリ成功。
[16-Aug-2019 12:04:20 UTC] デバッグ：ログイン済みユーザーです。
[16-Aug-2019 12:04:20 UTC] デバッグ：ログイン有効期限以内です。
[16-Aug-2019 12:04:20 UTC] デバッグ：クエリ成功。
[16-Aug-2019 12:05:22 UTC] デバッグ：ログイン済みユーザーです。
[16-Aug-2019 12:05:22 UTC] デバッグ：ログイン有効期限以内です。
[16-Aug-2019 12:05:22 UTC] デバッグ：クエリ成功。
[17-Aug-2019 00:46:59 UTC] デバッグ：クエリ成功。
[17-Aug-2019 00:47:02 UTC] デバッグ：クエリ成功。
[17-Aug-2019 00:47:04 UTC] デバッグ：クエリ成功。
[17-Aug-2019 00:47:21 UTC] デバッグ：クエリ成功。
[17-Aug-2019 00:47:24 UTC] デバッグ：クエリ成功。
[17-Aug-2019 00:47:27 UTC] デバッグ：クエリ成功。
[17-Aug-2019 00:47:31 UTC] デバッグ：クエリ成功。
[17-Aug-2019 00:47:33 UTC] デバッグ：クエリ成功。
[17-Aug-2019 00:47:36 UTC] デバッグ：クエリ成功。
[17-Aug-2019 00:47:39 UTC] デバッグ：クエリ成功。
[17-Aug-2019 00:47:41 UTC] デバッグ：クエリ成功。
[17-Aug-2019 00:47:44 UTC] デバッグ：クエリ成功。
[17-Aug-2019 00:47:47 UTC] デバッグ：クエリ成功。
[17-Aug-2019 00:47:49 UTC] デバッグ：クエリ成功。
[17-Aug-2019 00:49:13 UTC] デバッグ：クエリ成功。
[17-Aug-2019 02:00:25 UTC] PHP Warning:  require(/Applications/MAMP/htdocs/freemarket/Exhibitor_Controller.php): failed to open stream: No such file or directory in /Applications/MAMP/htdocs/freemarket/Controller/Super_User_Controller.php on line 10
[17-Aug-2019 02:00:25 UTC] PHP Stack trace:
[17-Aug-2019 02:00:25 UTC] PHP   1. {main}() /Applications/MAMP/htdocs/freemarket/index.php:0
[17-Aug-2019 02:00:25 UTC] PHP   2. require() /Applications/MAMP/htdocs/freemarket/index.php:5
[17-Aug-2019 02:00:25 UTC] PHP Fatal error:  require(): Failed opening required '/Applications/MAMP/htdocs/freemarket/Exhibitor_Controller.php' (include_path='.:/Applications/MAMP/bin/php/php7.3.1/lib/php') in /Applications/MAMP/htdocs/freemarket/Controller/Super_User_Controller.php on line 10
[17-Aug-2019 02:00:25 UTC] PHP Stack trace:
[17-Aug-2019 02:00:25 UTC] PHP   1. {main}() /Applications/MAMP/htdocs/freemarket/index.php:0
[17-Aug-2019 02:00:25 UTC] PHP   2. require() /Applications/MAMP/htdocs/freemarket/index.php:5
[17-Aug-2019 02:00:58 UTC] デバッグ：クエリ成功。
[17-Aug-2019 02:01:40 UTC] デバッグ：クエリ成功。
[17-Aug-2019 02:21:04 UTC] デバッグ：クエリ成功。
[17-Aug-2019 02:21:06 UTC] デバッグ：クエリ成功。
[17-Aug-2019 02:21:09 UTC] デバッグ：クエリ成功。
[17-Aug-2019 02:34:31 UTC] デバッグ：クエリ成功。
[17-Aug-2019 02:34:37 UTC] デバッグ：ログイン済みユーザーです。
[17-Aug-2019 02:34:37 UTC] デバッグ：ログイン有効期限以内です。
[17-Aug-2019 02:34:37 UTC] デバッグ：クエリ成功。
[17-Aug-2019 04:39:08 UTC] デバッグ：ログイン済みユーザーです。
[17-Aug-2019 04:39:08 UTC] デバッグ：ログイン有効期限以内です。
[17-Aug-2019 04:39:08 UTC] デバッグ：クエリ成功。
[17-Aug-2019 04:39:15 UTC] デバッグ：ログイン済みユーザーです。
[17-Aug-2019 04:39:15 UTC] デバッグ：ログイン有効期限以内です。
[17-Aug-2019 04:39:15 UTC] デバッグ：クエリ成功。
[17-Aug-2019 04:40:11 UTC] デバッグ：ログイン済みユーザーです。
[17-Aug-2019 04:40:11 UTC] デバッグ：ログイン有効期限以内です。
[17-Aug-2019 04:40:11 UTC] デバッグ：クエリ成功。
[17-Aug-2019 04:40:15 UTC] デバッグ：クエリ成功。
[17-Aug-2019 04:40:29 UTC] デバッグ：ログイン済みユーザーです。
[17-Aug-2019 04:40:29 UTC] デバッグ：ログイン有効期限以内です。
[17-Aug-2019 04:40:29 UTC] デバッグ：クエリ成功。
[17-Aug-2019 05:00:32 UTC] デバッグ：クエリ成功。
[17-Aug-2019 05:00:38 UTC] デバッグ：ログイン済みユーザーです。
[17-Aug-2019 05:00:38 UTC] デバッグ：ログイン有効期限以内です。
[17-Aug-2019 05:00:38 UTC] デバッグ：クエリ成功。
[17-Aug-2019 05:00:40 UTC] デバッグ：ログイン済みユーザーです。
[17-Aug-2019 05:00:40 UTC] デバッグ：ログイン有効期限以内です。
[17-Aug-2019 05:00:40 UTC] デバッグ：クエリ成功。
[17-Aug-2019 05:02:32 UTC] デバッグ：ログイン済みユーザーです。
[17-Aug-2019 05:02:32 UTC] デバッグ：ログイン有効期限以内です。
[17-Aug-2019 05:02:32 UTC] デバッグ：クエリ成功。
[17-Aug-2019 05:02:43 UTC] デバッグ：クエリ成功。
[17-Aug-2019 05:02:49 UTC] デバッグ：クエリ成功。
[17-Aug-2019 05:02:57 UTC] デバッグ：ログイン済みユーザーです。
[17-Aug-2019 05:02:57 UTC] デバッグ：ログイン有効期限以内です。
[17-Aug-2019 05:02:57 UTC] デバッグ：クエリ成功。
[17-Aug-2019 05:07:52 UTC] デバッグ：クエリ成功。
[17-Aug-2019 05:08:00 UTC] デバッグ：ログイン済みユーザーです。
[17-Aug-2019 05:08:00 UTC] デバッグ：ログイン有効期限以内です。
[17-Aug-2019 05:08:00 UTC] デバッグ：クエリ成功。
[17-Aug-2019 05:16:39 UTC] デバッグ：クエリ成功。
[17-Aug-2019 05:16:47 UTC] デバッグ：ログイン済みユーザーです。
[17-Aug-2019 05:16:47 UTC] デバッグ：ログイン有効期限以内です。
[17-Aug-2019 05:16:47 UTC] デバッグ：クエリ成功。
[17-Aug-2019 05:16:54 UTC] デバッグ：クエリ成功。
[17-Aug-2019 05:17:00 UTC] デバッグ：ログイン済みユーザーです。
[17-Aug-2019 05:17:00 UTC] デバッグ：ログイン有効期限以内です。
[17-Aug-2019 05:17:00 UTC] デバッグ：クエリ成功。
[17-Aug-2019 05:18:27 UTC] デバッグ：クエリ成功。
[17-Aug-2019 05:18:36 UTC] デバッグ：ログイン済みユーザーです。
[17-Aug-2019 05:18:36 UTC] デバッグ：ログイン有効期限以内です。
[17-Aug-2019 05:18:36 UTC] デバッグ：クエリ成功。
[17-Aug-2019 05:18:41 UTC] デバッグ：ログイン済みユーザーです。
[17-Aug-2019 05:18:41 UTC] デバッグ：ログイン有効期限以内です。
[17-Aug-2019 05:18:41 UTC] デバッグ：クエリ成功。
[17-Aug-2019 05:18:42 UTC] デバッグ：ログイン済みユーザーです。
[17-Aug-2019 05:18:42 UTC] デバッグ：ログイン有効期限以内です。
[17-Aug-2019 05:18:42 UTC] デバッグ：クエリ成功。
[17-Aug-2019 05:18:42 UTC] デバッグ：クエリ成功。
[17-Aug-2019 05:18:53 UTC] デバッグ：ログイン済みユーザーです。
[17-Aug-2019 05:18:53 UTC] デバッグ：ログイン有効期限以内です。
[17-Aug-2019 05:18:53 UTC] デバッグ：クエリ成功。
[17-Aug-2019 05:21:05 UTC] デバッグ：クエリ成功。
[17-Aug-2019 05:22:34 UTC] デバッグ：ログイン済みユーザーです。
[17-Aug-2019 05:22:34 UTC] デバッグ：ログイン有効期限以内です。
[17-Aug-2019 05:22:34 UTC] デバッグ：クエリ成功。
[17-Aug-2019 05:22:42 UTC] デバッグ：クエリ成功。
[17-Aug-2019 05:22:47 UTC] デバッグ：ログイン済みユーザーです。
[17-Aug-2019 05:22:47 UTC] デバッグ：ログイン有効期限以内です。
[17-Aug-2019 05:22:47 UTC] デバッグ：クエリ成功。
[17-Aug-2019 05:45:56 UTC] デバッグ：クエリ成功。
[17-Aug-2019 05:46:02 UTC] デバッグ：ログイン済みユーザーです。
[17-Aug-2019 05:46:02 UTC] デバッグ：ログイン有効期限以内です。
[17-Aug-2019 05:46:02 UTC] デバッグ：クエリ成功。
[17-Aug-2019 05:54:55 UTC] デバッグ：クエリ成功。
[17-Aug-2019 05:55:01 UTC] デバッグ：ログイン済みユーザーです。
[17-Aug-2019 05:55:01 UTC] デバッグ：ログイン有効期限以内です。
[17-Aug-2019 05:55:01 UTC] デバッグ：クエリ成功。
[17-Aug-2019 06:00:05 UTC] デバッグ：クエリ成功。
[17-Aug-2019 06:00:48 UTC] デバッグ：ログイン済みユーザーです。
[17-Aug-2019 06:00:48 UTC] デバッグ：ログイン有効期限以内です。
[17-Aug-2019 06:00:48 UTC] デバッグ：クエリ成功。
[17-Aug-2019 06:00:50 UTC] デバッグ：ログイン済みユーザーです。
[17-Aug-2019 06:00:50 UTC] デバッグ：ログイン有効期限以内です。
[17-Aug-2019 06:00:50 UTC] デバッグ：クエリ成功。
[17-Aug-2019 06:00:53 UTC] デバッグ：ログイン済みユーザーです。
[17-Aug-2019 06:00:53 UTC] デバッグ：ログイン有効期限以内です。
[17-Aug-2019 06:00:53 UTC] デバッグ：クエリ成功。
[17-Aug-2019 06:01:30 UTC] デバッグ：ログイン済みユーザーです。
[17-Aug-2019 06:01:30 UTC] デバッグ：ログイン有効期限以内です。
[17-Aug-2019 06:01:30 UTC] デバッグ：クエリ成功。
[17-Aug-2019 06:01:32 UTC] デバッグ：ログイン済みユーザーです。
[17-Aug-2019 06:01:32 UTC] デバッグ：ログイン有効期限以内です。
[17-Aug-2019 06:01:32 UTC] デバッグ：クエリ成功。
[17-Aug-2019 06:01:50 UTC] デバッグ：クエリ成功。
[17-Aug-2019 06:01:57 UTC] デバッグ：ログイン済みユーザーです。
[17-Aug-2019 06:01:57 UTC] デバッグ：ログイン有効期限以内です。
[17-Aug-2019 06:01:57 UTC] デバッグ：クエリ成功。
[17-Aug-2019 06:02:03 UTC] デバッグ：クエリ成功。
[17-Aug-2019 06:02:25 UTC] デバッグ：クエリ成功。
[17-Aug-2019 06:07:03 UTC] デバッグ：ログイン済みユーザーです。
[17-Aug-2019 06:07:03 UTC] デバッグ：ログイン有効期限以内です。
[17-Aug-2019 06:07:03 UTC] デバッグ：クエリ成功。
[17-Aug-2019 06:07:08 UTC] デバッグ：クエリ成功。
[17-Aug-2019 06:10:19 UTC] デバッグ：クエリ成功。
[17-Aug-2019 06:10:22 UTC] デバッグ：クエリ成功。
[17-Aug-2019 06:24:49 UTC] デバッグ：クエリ成功。
[17-Aug-2019 06:24:58 UTC] デバッグ：クエリ成功。
[17-Aug-2019 06:25:20 UTC] デバッグ：クエリ成功。
[17-Aug-2019 06:25:33 UTC] デバッグ：ログイン済みユーザーです。
[17-Aug-2019 06:25:33 UTC] デバッグ：ログイン有効期限以内です。
[17-Aug-2019 06:25:33 UTC] デバッグ：クエリ成功。
[17-Aug-2019 06:25:36 UTC] デバッグ：ログイン済みユーザーです。
[17-Aug-2019 06:25:36 UTC] デバッグ：ログイン有効期限以内です。
[17-Aug-2019 06:25:36 UTC] デバッグ：クエリ成功。
[17-Aug-2019 06:28:31 UTC] デバッグ：ログイン済みユーザーです。
[17-Aug-2019 06:28:31 UTC] デバッグ：ログイン有効期限以内です。
[17-Aug-2019 06:28:31 UTC] デバッグ：クエリ成功。
[17-Aug-2019 06:43:45 UTC] デバッグ：クエリ成功。
[17-Aug-2019 06:44:04 UTC] デバッグ：ログイン済みユーザーです。
[17-Aug-2019 06:44:04 UTC] デバッグ：ログイン有効期限以内です。
[17-Aug-2019 06:44:04 UTC] デバッグ：クエリ成功。
[17-Aug-2019 06:44:08 UTC] デバッグ：ログイン済みユーザーです。
[17-Aug-2019 06:44:08 UTC] デバッグ：ログイン有効期限以内です。
[17-Aug-2019 06:44:08 UTC] デバッグ：クエリ成功。
[17-Aug-2019 06:45:31 UTC] デバッグ：ログイン済みユーザーです。
[17-Aug-2019 06:45:31 UTC] デバッグ：ログイン有効期限以内です。
[17-Aug-2019 06:45:31 UTC] デバッグ：クエリ成功。
[17-Aug-2019 06:45:34 UTC] デバッグ：ログイン済みユーザーです。
[17-Aug-2019 06:45:34 UTC] デバッグ：ログイン有効期限以内です。
[17-Aug-2019 06:45:34 UTC] デバッグ：クエリ成功。
[17-Aug-2019 06:45:41 UTC] デバッグ：ログイン済みユーザーです。
[17-Aug-2019 06:45:41 UTC] デバッグ：ログイン有効期限以内です。
[17-Aug-2019 06:45:41 UTC] デバッグ：クエリ成功。
[17-Aug-2019 06:45:43 UTC] デバッグ：ログイン済みユーザーです。
[17-Aug-2019 06:45:43 UTC] デバッグ：ログイン有効期限以内です。
[17-Aug-2019 06:45:43 UTC] デバッグ：クエリ成功。
[17-Aug-2019 06:45:46 UTC] デバッグ：ログイン済みユーザーです。
[17-Aug-2019 06:45:46 UTC] デバッグ：ログイン有効期限以内です。
[17-Aug-2019 06:45:46 UTC] デバッグ：クエリ成功。
[17-Aug-2019 06:46:36 UTC] デバッグ：ログイン済みユーザーです。
[17-Aug-2019 06:46:36 UTC] デバッグ：ログイン有効期限以内です。
[17-Aug-2019 06:46:36 UTC] デバッグ：クエリ成功。
[17-Aug-2019 06:46:39 UTC] デバッグ：ログイン済みユーザーです。
[17-Aug-2019 06:46:39 UTC] デバッグ：ログイン有効期限以内です。
[17-Aug-2019 06:46:39 UTC] デバッグ：クエリ成功。
[17-Aug-2019 06:46:49 UTC] デバッグ：ログイン済みユーザーです。
[17-Aug-2019 06:46:49 UTC] デバッグ：ログイン有効期限以内です。
[17-Aug-2019 06:46:49 UTC] デバッグ：クエリ成功。
[17-Aug-2019 06:46:52 UTC] デバッグ：ログイン済みユーザーです。
[17-Aug-2019 06:46:52 UTC] デバッグ：ログイン有効期限以内です。
[17-Aug-2019 06:46:52 UTC] デバッグ：クエリ成功。
[17-Aug-2019 06:46:53 UTC] デバッグ：ログイン済みユーザーです。
[17-Aug-2019 06:46:53 UTC] デバッグ：ログイン有効期限以内です。
[17-Aug-2019 06:46:53 UTC] デバッグ：クエリ成功。
[17-Aug-2019 06:49:08 UTC] デバッグ：ログイン済みユーザーです。
[17-Aug-2019 06:49:08 UTC] デバッグ：ログイン有効期限以内です。
[17-Aug-2019 06:49:08 UTC] デバッグ：クエリ成功。
[17-Aug-2019 06:49:20 UTC] デバッグ：ログイン済みユーザーです。
[17-Aug-2019 06:49:20 UTC] デバッグ：ログイン有効期限以内です。
[17-Aug-2019 06:49:20 UTC] デバッグ：クエリ成功。
[17-Aug-2019 06:49:28 UTC] デバッグ：ログイン済みユーザーです。
[17-Aug-2019 06:49:28 UTC] デバッグ：ログイン有効期限以内です。
[17-Aug-2019 06:49:28 UTC] デバッグ：クエリ成功。
[17-Aug-2019 06:49:49 UTC] デバッグ：クエリ成功。
[17-Aug-2019 06:50:01 UTC] デバッグ：ログイン済みユーザーです。
[17-Aug-2019 06:50:01 UTC] デバッグ：ログイン有効期限以内です。
[17-Aug-2019 06:50:01 UTC] デバッグ：クエリ成功。
[17-Aug-2019 06:50:37 UTC] デバッグ：ログイン済みユーザーです。
[17-Aug-2019 06:50:37 UTC] デバッグ：ログイン有効期限以内です。
[17-Aug-2019 06:50:37 UTC] デバッグ：クエリ成功。
[17-Aug-2019 06:50:41 UTC] デバッグ：ログイン済みユーザーです。
[17-Aug-2019 06:50:41 UTC] デバッグ：ログイン有効期限以内です。
[17-Aug-2019 06:50:41 UTC] デバッグ：クエリ成功。
[17-Aug-2019 06:51:28 UTC] デバッグ：クエリ成功。
[17-Aug-2019 06:51:40 UTC] デバッグ：ログイン済みユーザーです。
[17-Aug-2019 06:51:40 UTC] デバッグ：ログイン有効期限以内です。
[17-Aug-2019 06:51:40 UTC] デバッグ：クエリ成功。
[17-Aug-2019 06:51:51 UTC] デバッグ：クエリ成功。
[17-Aug-2019 06:51:58 UTC] デバッグ：ログイン済みユーザーです。
[17-Aug-2019 06:51:58 UTC] デバッグ：ログイン有効期限以内です。
[17-Aug-2019 06:51:58 UTC] デバッグ：クエリ成功。
[17-Aug-2019 06:59:17 UTC] デバッグ：クエリ成功。
[17-Aug-2019 06:59:25 UTC] デバッグ：ログイン済みユーザーです。
[17-Aug-2019 06:59:25 UTC] デバッグ：ログイン有効期限以内です。
[17-Aug-2019 06:59:25 UTC] デバッグ：クエリ成功。
[17-Aug-2019 06:59:37 UTC] デバッグ：ログイン済みユーザーです。
[17-Aug-2019 06:59:37 UTC] デバッグ：ログイン有効期限以内です。
[17-Aug-2019 06:59:37 UTC] デバッグ：クエリ成功。
[17-Aug-2019 06:59:44 UTC] デバッグ：ログイン済みユーザーです。
[17-Aug-2019 06:59:44 UTC] デバッグ：ログイン有効期限以内です。
[17-Aug-2019 06:59:44 UTC] デバッグ：クエリ成功。
[17-Aug-2019 07:00:00 UTC] デバッグ：ログイン済みユーザーです。
[17-Aug-2019 07:00:00 UTC] デバッグ：ログイン有効期限以内です。
[17-Aug-2019 07:00:00 UTC] デバッグ：クエリ成功。
[17-Aug-2019 07:00:03 UTC] デバッグ：ログイン済みユーザーです。
[17-Aug-2019 07:00:03 UTC] デバッグ：ログイン有効期限以内です。
[17-Aug-2019 07:00:03 UTC] デバッグ：クエリ成功。
[17-Aug-2019 07:00:13 UTC] デバッグ：ログイン済みユーザーです。
[17-Aug-2019 07:00:13 UTC] デバッグ：ログイン有効期限以内です。
[17-Aug-2019 07:00:13 UTC] デバッグ：クエリ成功。
[17-Aug-2019 07:00:15 UTC] デバッグ：クエリ成功。
[17-Aug-2019 07:00:21 UTC] デバッグ：ログイン済みユーザーです。
[17-Aug-2019 07:00:21 UTC] デバッグ：ログイン有効期限以内です。
[17-Aug-2019 07:00:21 UTC] デバッグ：クエリ成功。
[17-Aug-2019 07:00:24 UTC] デバッグ：クエリ成功。
[17-Aug-2019 07:00:32 UTC] デバッグ：ログイン済みユーザーです。
[17-Aug-2019 07:00:32 UTC] デバッグ：ログイン有効期限以内です。
[17-Aug-2019 07:00:32 UTC] デバッグ：クエリ成功。
[17-Aug-2019 07:00:36 UTC] デバッグ：ログイン済みユーザーです。
[17-Aug-2019 07:00:36 UTC] デバッグ：ログイン有効期限以内です。
[17-Aug-2019 07:00:36 UTC] デバッグ：クエリ成功。
[17-Aug-2019 07:00:42 UTC] デバッグ：ログイン済みユーザーです。
[17-Aug-2019 07:00:42 UTC] デバッグ：ログイン有効期限以内です。
[17-Aug-2019 07:00:42 UTC] デバッグ：クエリ成功。
[17-Aug-2019 07:00:48 UTC] デバッグ：ログイン済みユーザーです。
[17-Aug-2019 07:00:48 UTC] デバッグ：ログイン有効期限以内です。
[17-Aug-2019 07:00:48 UTC] デバッグ：クエリ成功。
[17-Aug-2019 07:01:02 UTC] デバッグ：ログイン済みユーザーです。
[17-Aug-2019 07:01:02 UTC] デバッグ：ログイン有効期限以内です。
[17-Aug-2019 07:01:02 UTC] デバッグ：クエリ成功。
[17-Aug-2019 07:10:59 UTC] デバッグ：ログイン済みユーザーです。
[17-Aug-2019 07:10:59 UTC] デバッグ：ログイン有効期限以内です。
[17-Aug-2019 07:10:59 UTC] デバッグ：クエリ成功。
[17-Aug-2019 07:11:02 UTC] デバッグ：ログイン済みユーザーです。
[17-Aug-2019 07:11:02 UTC] デバッグ：ログイン有効期限以内です。
[17-Aug-2019 07:11:02 UTC] デバッグ：クエリ成功。
[17-Aug-2019 07:11:06 UTC] デバッグ：ログイン済みユーザーです。
[17-Aug-2019 07:11:06 UTC] デバッグ：ログイン有効期限以内です。
[17-Aug-2019 07:11:06 UTC] デバッグ：クエリ成功。
[17-Aug-2019 07:11:12 UTC] デバッグ：ログイン済みユーザーです。
[17-Aug-2019 07:11:12 UTC] デバッグ：ログイン有効期限以内です。
[17-Aug-2019 07:11:12 UTC] デバッグ：クエリ成功。
[17-Aug-2019 07:11:18 UTC] デバッグ：ログイン済みユーザーです。
[17-Aug-2019 07:11:18 UTC] デバッグ：ログイン有効期限以内です。
[17-Aug-2019 07:11:18 UTC] デバッグ：クエリ成功。
[17-Aug-2019 07:11:19 UTC] デバッグ：ログイン済みユーザーです。
[17-Aug-2019 07:11:19 UTC] デバッグ：ログイン有効期限以内です。
[17-Aug-2019 07:11:19 UTC] デバッグ：クエリ成功。
[17-Aug-2019 07:11:42 UTC] デバッグ：ログイン済みユーザーです。
[17-Aug-2019 07:11:42 UTC] デバッグ：ログイン有効期限以内です。
[17-Aug-2019 07:11:42 UTC] デバッグ：クエリ成功。
[17-Aug-2019 07:11:48 UTC] デバッグ：ログイン済みユーザーです。
[17-Aug-2019 07:11:48 UTC] デバッグ：ログイン有効期限以内です。
[17-Aug-2019 07:11:48 UTC] デバッグ：クエリ成功。
[17-Aug-2019 07:11:50 UTC] デバッグ：ログイン済みユーザーです。
[17-Aug-2019 07:11:50 UTC] デバッグ：ログイン有効期限以内です。
[17-Aug-2019 07:11:50 UTC] デバッグ：クエリ成功。
[17-Aug-2019 07:13:25 UTC] デバッグ：ログイン済みユーザーです。
[17-Aug-2019 07:13:25 UTC] デバッグ：ログイン有効期限以内です。
[17-Aug-2019 07:13:25 UTC] デバッグ：クエリ成功。
[17-Aug-2019 09:05:10 UTC] デバッグ：ログイン済みユーザーです。
[17-Aug-2019 09:05:10 UTC] デバッグ：ログイン有効期限オーバーです。
[17-Aug-2019 09:05:10 UTC] デバッグ：クエリ成功。
[17-Aug-2019 09:05:27 UTC] デバッグ：ログイン済みユーザーです。
[17-Aug-2019 09:05:27 UTC] デバッグ：ログイン有効期限以内です。
[17-Aug-2019 09:05:27 UTC] デバッグ：クエリ成功。
[17-Aug-2019 09:29:01 UTC] デバッグ：ログイン済みユーザーです。
[17-Aug-2019 09:29:01 UTC] デバッグ：ログイン有効期限以内です。
[17-Aug-2019 09:29:01 UTC] デバッグ：クエリ成功。
[17-Aug-2019 09:29:04 UTC] デバッグ：ログイン済みユーザーです。
[17-Aug-2019 09:29:04 UTC] デバッグ：ログイン有効期限以内です。
[17-Aug-2019 09:29:04 UTC] デバッグ：クエリ成功。
[17-Aug-2019 09:29:15 UTC] デバッグ：ログイン済みユーザーです。
[17-Aug-2019 09:29:15 UTC] デバッグ：ログイン有効期限以内です。
[17-Aug-2019 09:29:15 UTC] デバッグ：クエリ成功。
[17-Aug-2019 09:37:51 UTC] デバッグ：ログイン済みユーザーです。
[17-Aug-2019 09:37:51 UTC] デバッグ：ログイン有効期限以内です。
[17-Aug-2019 09:37:51 UTC] デバッグ：クエリ成功。
[17-Aug-2019 10:19:13 UTC] デバッグ：ログイン済みユーザーです。
[17-Aug-2019 10:19:13 UTC] デバッグ：ログイン有効期限オーバーです。
[17-Aug-2019 10:19:13 UTC] デバッグ：クエリ成功。
[17-Aug-2019 10:19:21 UTC] デバッグ：クエリ成功。
[17-Aug-2019 10:19:23 UTC] デバッグ：クエリ成功。
[17-Aug-2019 10:19:25 UTC] デバッグ：クエリ成功。
[17-Aug-2019 10:19:34 UTC] デバッグ：ログイン済みユーザーです。
[17-Aug-2019 10:19:34 UTC] デバッグ：ログイン有効期限以内です。
[17-Aug-2019 10:19:34 UTC] デバッグ：クエリ成功。
[17-Aug-2019 10:19:47 UTC] デバッグ：ログイン済みユーザーです。
[17-Aug-2019 10:19:47 UTC] デバッグ：ログイン有効期限以内です。
[17-Aug-2019 10:19:47 UTC] デバッグ：クエリ成功。
[17-Aug-2019 10:59:01 UTC] デバッグ：ログイン済みユーザーです。
[17-Aug-2019 10:59:01 UTC] デバッグ：ログイン有効期限以内です。
[17-Aug-2019 10:59:01 UTC] デバッグ：クエリ成功。
[17-Aug-2019 10:59:03 UTC] デバッグ：ログイン済みユーザーです。
[17-Aug-2019 10:59:03 UTC] デバッグ：ログイン有効期限以内です。
[17-Aug-2019 10:59:03 UTC] デバッグ：クエリ成功。
[17-Aug-2019 11:18:33 UTC] デバッグ：クエリ成功。
[17-Aug-2019 11:18:40 UTC] デバッグ：ログイン済みユーザーです。
[17-Aug-2019 11:18:40 UTC] デバッグ：ログイン有効期限以内です。
[17-Aug-2019 11:18:40 UTC] デバッグ：クエリ成功。
[17-Aug-2019 11:21:29 UTC] デバッグ：ログイン済みユーザーです。
[17-Aug-2019 11:21:29 UTC] デバッグ：ログイン有効期限以内です。
[17-Aug-2019 11:21:29 UTC] デバッグ：クエリ成功。
[17-Aug-2019 11:26:10 UTC] デバッグ：ログイン済みユーザーです。
[17-Aug-2019 11:26:10 UTC] デバッグ：ログイン有効期限以内です。
[17-Aug-2019 11:26:10 UTC] デバッグ：クエリ成功。
[17-Aug-2019 11:26:22 UTC] デバッグ：ログイン済みユーザーです。
[17-Aug-2019 11:26:22 UTC] デバッグ：ログイン有効期限以内です。
[17-Aug-2019 11:26:22 UTC] デバッグ：クエリ成功。
[17-Aug-2019 11:26:26 UTC] デバッグ：ログイン済みユーザーです。
[17-Aug-2019 11:26:26 UTC] デバッグ：ログイン有効期限以内です。
[17-Aug-2019 11:26:26 UTC] デバッグ：クエリ成功。
[17-Aug-2019 11:26:29 UTC] デバッグ：ログイン済みユーザーです。
[17-Aug-2019 11:26:29 UTC] デバッグ：ログイン有効期限以内です。
[17-Aug-2019 11:26:29 UTC] デバッグ：クエリ成功。
[17-Aug-2019 11:26:33 UTC] デバッグ：ログイン済みユーザーです。
[17-Aug-2019 11:26:33 UTC] デバッグ：ログイン有効期限以内です。
[17-Aug-2019 11:26:33 UTC] デバッグ：クエリ成功。
[17-Aug-2019 11:26:37 UTC] デバッグ：ログイン済みユーザーです。
[17-Aug-2019 11:26:37 UTC] デバッグ：ログイン有効期限以内です。
[17-Aug-2019 11:26:37 UTC] デバッグ：クエリ成功。
[17-Aug-2019 11:26:56 UTC] デバッグ：ログイン済みユーザーです。
[17-Aug-2019 11:26:56 UTC] デバッグ：ログイン有効期限以内です。
[17-Aug-2019 11:26:56 UTC] デバッグ：クエリ成功。
[17-Aug-2019 11:37:23 UTC] デバッグ：ログイン済みユーザーです。
[17-Aug-2019 11:37:23 UTC] デバッグ：ログイン有効期限以内です。
[17-Aug-2019 11:37:23 UTC] デバッグ：クエリ成功。
[17-Aug-2019 11:37:29 UTC] デバッグ：ログイン済みユーザーです。
[17-Aug-2019 11:37:29 UTC] デバッグ：ログイン有効期限以内です。
[17-Aug-2019 11:37:29 UTC] デバッグ：クエリ成功。
[17-Aug-2019 11:37:32 UTC] デバッグ：ログイン済みユーザーです。
[17-Aug-2019 11:37:32 UTC] デバッグ：ログイン有効期限以内です。
[17-Aug-2019 11:37:32 UTC] デバッグ：クエリ成功。
[17-Aug-2019 11:37:41 UTC] デバッグ：ログイン済みユーザーです。
[17-Aug-2019 11:37:41 UTC] デバッグ：ログイン有効期限以内です。
[17-Aug-2019 11:37:41 UTC] デバッグ：クエリ成功。
[17-Aug-2019 11:37:45 UTC] デバッグ：ログイン済みユーザーです。
[17-Aug-2019 11:37:45 UTC] デバッグ：ログイン有効期限以内です。
[17-Aug-2019 11:37:45 UTC] デバッグ：クエリ成功。
[17-Aug-2019 11:37:53 UTC] デバッグ：ログイン済みユーザーです。
[17-Aug-2019 11:37:53 UTC] デバッグ：ログイン有効期限以内です。
[17-Aug-2019 11:37:53 UTC] デバッグ：クエリ成功。
[17-Aug-2019 11:38:21 UTC] デバッグ：ログイン済みユーザーです。
[17-Aug-2019 11:38:21 UTC] デバッグ：ログイン有効期限以内です。
[17-Aug-2019 11:38:21 UTC] デバッグ：クエリ成功。
[17-Aug-2019 23:28:30 UTC] デバッグ：ログイン済みユーザーです。
[17-Aug-2019 23:28:30 UTC] デバッグ：ログイン有効期限オーバーです。
[17-Aug-2019 23:28:30 UTC] デバッグ：クエリ成功。
[17-Aug-2019 23:28:44 UTC] デバッグ：ログイン済みユーザーです。
[17-Aug-2019 23:28:44 UTC] デバッグ：ログイン有効期限以内です。
[17-Aug-2019 23:28:44 UTC] デバッグ：クエリ成功。
[17-Aug-2019 23:29:03 UTC] デバッグ：クエリ成功。
[17-Aug-2019 23:29:09 UTC] デバッグ：ログイン済みユーザーです。
[17-Aug-2019 23:29:09 UTC] デバッグ：ログイン有効期限以内です。
[17-Aug-2019 23:29:09 UTC] デバッグ：クエリ成功。
[17-Aug-2019 23:30:06 UTC] デバッグ：ログイン済みユーザーです。
[17-Aug-2019 23:30:06 UTC] デバッグ：ログイン有効期限以内です。
[17-Aug-2019 23:30:06 UTC] デバッグ：クエリ成功。
[17-Aug-2019 23:30:10 UTC] デバッグ：ログイン済みユーザーです。
[17-Aug-2019 23:30:10 UTC] デバッグ：ログイン有効期限以内です。
[17-Aug-2019 23:30:10 UTC] デバッグ：クエリ成功。
[17-Aug-2019 23:30:13 UTC] デバッグ：ログイン済みユーザーです。
[17-Aug-2019 23:30:13 UTC] デバッグ：ログイン有効期限以内です。
[17-Aug-2019 23:30:13 UTC] デバッグ：クエリ成功。
[17-Aug-2019 23:30:19 UTC] デバッグ：ログイン済みユーザーです。
[17-Aug-2019 23:30:19 UTC] デバッグ：ログイン有効期限以内です。
[17-Aug-2019 23:30:19 UTC] デバッグ：クエリ成功。
[17-Aug-2019 23:30:23 UTC] デバッグ：ログイン済みユーザーです。
[17-Aug-2019 23:30:23 UTC] デバッグ：ログイン有効期限以内です。
[17-Aug-2019 23:30:23 UTC] デバッグ：クエリ成功。
[17-Aug-2019 23:33:21 UTC] デバッグ：ログイン済みユーザーです。
[17-Aug-2019 23:33:21 UTC] デバッグ：ログイン有効期限以内です。
[17-Aug-2019 23:33:21 UTC] デバッグ：クエリ成功。
[17-Aug-2019 23:33:24 UTC] デバッグ：ログイン済みユーザーです。
[17-Aug-2019 23:33:24 UTC] デバッグ：ログイン有効期限以内です。
[17-Aug-2019 23:33:24 UTC] デバッグ：クエリ成功。
[17-Aug-2019 23:34:02 UTC] デバッグ：ログイン済みユーザーです。
[17-Aug-2019 23:34:02 UTC] デバッグ：ログイン有効期限以内です。
[17-Aug-2019 23:34:02 UTC] デバッグ：クエリ成功。
[17-Aug-2019 23:34:07 UTC] デバッグ：ログイン済みユーザーです。
[17-Aug-2019 23:34:07 UTC] デバッグ：ログイン有効期限以内です。
[17-Aug-2019 23:34:07 UTC] デバッグ：クエリ成功。
[17-Aug-2019 23:36:25 UTC] デバッグ：ログイン済みユーザーです。
[17-Aug-2019 23:36:25 UTC] デバッグ：ログイン有効期限以内です。
[17-Aug-2019 23:36:25 UTC] デバッグ：クエリ成功。
[17-Aug-2019 23:36:29 UTC] デバッグ：ログイン済みユーザーです。
[17-Aug-2019 23:36:29 UTC] デバッグ：ログイン有効期限以内です。
[17-Aug-2019 23:36:29 UTC] デバッグ：クエリ成功。
[17-Aug-2019 23:41:47 UTC] デバッグ：ログイン済みユーザーです。
[17-Aug-2019 23:41:47 UTC] デバッグ：ログイン有効期限以内です。
[17-Aug-2019 23:41:47 UTC] デバッグ：クエリ成功。
[17-Aug-2019 23:41:49 UTC] デバッグ：ログイン済みユーザーです。
[17-Aug-2019 23:41:49 UTC] デバッグ：ログイン有効期限以内です。
[17-Aug-2019 23:41:49 UTC] デバッグ：クエリ成功。
[18-Aug-2019 00:04:01 UTC] デバッグ：クエリ成功。
[18-Aug-2019 00:06:22 UTC] デバッグ：ログイン済みユーザーです。
[18-Aug-2019 00:06:22 UTC] デバッグ：ログイン有効期限以内です。
[18-Aug-2019 00:06:22 UTC] デバッグ：クエリ成功。
[18-Aug-2019 00:06:25 UTC] デバッグ：ログイン済みユーザーです。
[18-Aug-2019 00:06:25 UTC] デバッグ：ログイン有効期限以内です。
[18-Aug-2019 00:06:25 UTC] デバッグ：クエリ成功。
[18-Aug-2019 00:06:27 UTC] デバッグ：ログイン済みユーザーです。
[18-Aug-2019 00:06:27 UTC] デバッグ：ログイン有効期限以内です。
[18-Aug-2019 00:06:27 UTC] デバッグ：クエリ成功。
[18-Aug-2019 00:06:28 UTC] デバッグ：ログイン済みユーザーです。
[18-Aug-2019 00:06:28 UTC] デバッグ：ログイン有効期限以内です。
[18-Aug-2019 00:06:28 UTC] デバッグ：クエリ成功。
[18-Aug-2019 00:06:28 UTC] デバッグ：ログイン済みユーザーです。
[18-Aug-2019 00:06:28 UTC] デバッグ：ログイン有効期限以内です。
[18-Aug-2019 00:06:28 UTC] デバッグ：クエリ成功。
[18-Aug-2019 00:06:28 UTC] デバッグ：ログイン済みユーザーです。
[18-Aug-2019 00:06:28 UTC] デバッグ：ログイン有効期限以内です。
[18-Aug-2019 00:06:28 UTC] デバッグ：クエリ成功。
[18-Aug-2019 00:07:33 UTC] デバッグ：ログイン済みユーザーです。
[18-Aug-2019 00:07:33 UTC] デバッグ：ログイン有効期限以内です。
[18-Aug-2019 00:07:33 UTC] デバッグ：クエリ成功。
[18-Aug-2019 00:07:41 UTC] デバッグ：ログイン済みユーザーです。
[18-Aug-2019 00:07:41 UTC] デバッグ：ログイン有効期限以内です。
[18-Aug-2019 00:07:41 UTC] デバッグ：クエリ成功。
[18-Aug-2019 00:08:21 UTC] デバッグ：ログイン済みユーザーです。
[18-Aug-2019 00:08:21 UTC] デバッグ：ログイン有効期限以内です。
[18-Aug-2019 00:08:21 UTC] デバッグ：クエリ成功。
[18-Aug-2019 00:08:21 UTC] PHP Notice:  Undefined index: img_title in /Applications/MAMP/htdocs/freemarket/index.php on line 133
[18-Aug-2019 00:08:21 UTC] PHP Stack trace:
[18-Aug-2019 00:08:21 UTC] PHP   1. {main}() /Applications/MAMP/htdocs/freemarket/index.php:0
[18-Aug-2019 00:08:21 UTC] PHP Notice:  Undefined index: img_thumb in /Applications/MAMP/htdocs/freemarket/index.php on line 134
[18-Aug-2019 00:08:21 UTC] PHP Stack trace:
[18-Aug-2019 00:08:21 UTC] PHP   1. {main}() /Applications/MAMP/htdocs/freemarket/index.php:0
[18-Aug-2019 00:08:21 UTC] PHP Notice:  Undefined index: img_title in /Applications/MAMP/htdocs/freemarket/index.php on line 133
[18-Aug-2019 00:08:21 UTC] PHP Stack trace:
[18-Aug-2019 00:08:21 UTC] PHP   1. {main}() /Applications/MAMP/htdocs/freemarket/index.php:0
[18-Aug-2019 00:08:21 UTC] PHP Notice:  Undefined index: img_thumb in /Applications/MAMP/htdocs/freemarket/index.php on line 134
[18-Aug-2019 00:08:21 UTC] PHP Stack trace:
[18-Aug-2019 00:08:21 UTC] PHP   1. {main}() /Applications/MAMP/htdocs/freemarket/index.php:0
[18-Aug-2019 00:08:21 UTC] PHP Notice:  Undefined index: img_title in /Applications/MAMP/htdocs/freemarket/index.php on line 133
[18-Aug-2019 00:08:21 UTC] PHP Stack trace:
[18-Aug-2019 00:08:21 UTC] PHP   1. {main}() /Applications/MAMP/htdocs/freemarket/index.php:0
[18-Aug-2019 00:08:21 UTC] PHP Notice:  Undefined index: img_thumb in /Applications/MAMP/htdocs/freemarket/index.php on line 134
[18-Aug-2019 00:08:21 UTC] PHP Stack trace:
[18-Aug-2019 00:08:21 UTC] PHP   1. {main}() /Applications/MAMP/htdocs/freemarket/index.php:0
[18-Aug-2019 00:08:21 UTC] PHP Notice:  Undefined index: img_title in /Applications/MAMP/htdocs/freemarket/index.php on line 133
[18-Aug-2019 00:08:21 UTC] PHP Stack trace:
[18-Aug-2019 00:08:21 UTC] PHP   1. {main}() /Applications/MAMP/htdocs/freemarket/index.php:0
[18-Aug-2019 00:08:21 UTC] PHP Notice:  Undefined index: img_thumb in /Applications/MAMP/htdocs/freemarket/index.php on line 134
[18-Aug-2019 00:08:21 UTC] PHP Stack trace:
[18-Aug-2019 00:08:21 UTC] PHP   1. {main}() /Applications/MAMP/htdocs/freemarket/index.php:0
[18-Aug-2019 00:08:21 UTC] PHP Notice:  Undefined index: img_title in /Applications/MAMP/htdocs/freemarket/index.php on line 133
[18-Aug-2019 00:08:21 UTC] PHP Stack trace:
[18-Aug-2019 00:08:21 UTC] PHP   1. {main}() /Applications/MAMP/htdocs/freemarket/index.php:0
[18-Aug-2019 00:08:21 UTC] PHP Notice:  Undefined index: img_thumb in /Applications/MAMP/htdocs/freemarket/index.php on line 134
[18-Aug-2019 00:08:21 UTC] PHP Stack trace:
[18-Aug-2019 00:08:21 UTC] PHP   1. {main}() /Applications/MAMP/htdocs/freemarket/index.php:0
[18-Aug-2019 00:08:21 UTC] PHP Notice:  Undefined index: img_title in /Applications/MAMP/htdocs/freemarket/index.php on line 133
[18-Aug-2019 00:08:21 UTC] PHP Stack trace:
[18-Aug-2019 00:08:21 UTC] PHP   1. {main}() /Applications/MAMP/htdocs/freemarket/index.php:0
[18-Aug-2019 00:08:21 UTC] PHP Notice:  Undefined index: img_thumb in /Applications/MAMP/htdocs/freemarket/index.php on line 134
[18-Aug-2019 00:08:21 UTC] PHP Stack trace:
[18-Aug-2019 00:08:21 UTC] PHP   1. {main}() /Applications/MAMP/htdocs/freemarket/index.php:0
[18-Aug-2019 00:08:42 UTC] デバッグ：ログイン済みユーザーです。
[18-Aug-2019 00:08:42 UTC] デバッグ：ログイン有効期限以内です。
[18-Aug-2019 00:08:42 UTC] デバッグ：クエリ成功。
[18-Aug-2019 00:09:21 UTC] デバッグ：ログイン済みユーザーです。
[18-Aug-2019 00:09:21 UTC] デバッグ：ログイン有効期限以内です。
[18-Aug-2019 00:09:21 UTC] デバッグ：クエリ成功。
[18-Aug-2019 00:10:11 UTC] デバッグ：ログイン済みユーザーです。
[18-Aug-2019 00:10:11 UTC] デバッグ：ログイン有効期限以内です。
[18-Aug-2019 00:10:11 UTC] デバッグ：クエリ成功。
[18-Aug-2019 04:02:18 UTC] デバッグ：ログイン済みユーザーです。
[18-Aug-2019 04:02:18 UTC] デバッグ：ログイン有効期限以内です。
[18-Aug-2019 04:02:18 UTC] デバッグ：クエリ成功。
[18-Aug-2019 04:05:08 UTC] デバッグ：ログイン済みユーザーです。
[18-Aug-2019 04:05:08 UTC] デバッグ：ログイン有効期限以内です。
[18-Aug-2019 04:05:08 UTC] デバッグ：クエリ成功。
[18-Aug-2019 05:48:50 UTC] PHP Fatal error:  Cannot redeclare display_All_Items() (previously declared in /Applications/MAMP/htdocs/freemarket/Controller/Super_User_Controller.php:126) in /Applications/MAMP/htdocs/freemarket/Controller/Login_User_Controller.php on line 28
[18-Aug-2019 05:48:50 UTC] PHP Stack trace:
[18-Aug-2019 05:48:50 UTC] PHP   1. {main}() /Applications/MAMP/htdocs/freemarket/index.php:0
[18-Aug-2019 05:48:50 UTC] PHP   2. require() /Applications/MAMP/htdocs/freemarket/index.php:5
[18-Aug-2019 05:48:58 UTC] PHP Fatal error:  Cannot redeclare display_All_Items() (previously declared in /Applications/MAMP/htdocs/freemarket/Controller/Super_User_Controller.php:126) in /Applications/MAMP/htdocs/freemarket/Controller/Login_User_Controller.php on line 28
[18-Aug-2019 05:48:58 UTC] PHP Stack trace:
[18-Aug-2019 05:48:58 UTC] PHP   1. {main}() /Applications/MAMP/htdocs/freemarket/index.php:0
[18-Aug-2019 05:48:58 UTC] PHP   2. require() /Applications/MAMP/htdocs/freemarket/index.php:5
[18-Aug-2019 05:50:08 UTC] デバッグ：クエリ成功。
[18-Aug-2019 05:54:50 UTC] デバッグ：クエリ成功。
[18-Aug-2019 05:54:54 UTC] デバッグ：クエリ成功。
[18-Aug-2019 05:54:57 UTC] デバッグ：クエリ成功。
[18-Aug-2019 05:54:59 UTC] デバッグ：クエリ成功。
[18-Aug-2019 06:13:05 UTC] デバッグ：ログイン済みユーザーです。
[18-Aug-2019 06:13:05 UTC] デバッグ：ログイン有効期限以内です。
[18-Aug-2019 06:13:05 UTC] デバッグ：クエリ成功。
[18-Aug-2019 06:49:49 UTC] エラー発生:SQLSTATE[HY000] [2002] No such file or directory
[18-Aug-2019 06:49:49 UTC] PHP Warning:  Invalid argument supplied for foreach() in /Applications/MAMP/htdocs/freemarket/index.php on line 124
[18-Aug-2019 06:49:49 UTC] PHP Stack trace:
[18-Aug-2019 06:49:49 UTC] PHP   1. {main}() /Applications/MAMP/htdocs/freemarket/index.php:0
[18-Aug-2019 06:49:57 UTC] エラー発生:SQLSTATE[HY000] [2002] No such file or directory
[18-Aug-2019 06:49:57 UTC] PHP Warning:  Invalid argument supplied for foreach() in /Applications/MAMP/htdocs/freemarket/index.php on line 124
[18-Aug-2019 06:49:57 UTC] PHP Stack trace:
[18-Aug-2019 06:49:57 UTC] PHP   1. {main}() /Applications/MAMP/htdocs/freemarket/index.php:0
[18-Aug-2019 06:49:58 UTC] エラー発生:SQLSTATE[HY000] [2002] No such file or directory
[18-Aug-2019 06:49:58 UTC] PHP Warning:  Invalid argument supplied for foreach() in /Applications/MAMP/htdocs/freemarket/index.php on line 124
[18-Aug-2019 06:49:58 UTC] PHP Stack trace:
[18-Aug-2019 06:49:58 UTC] PHP   1. {main}() /Applications/MAMP/htdocs/freemarket/index.php:0
[18-Aug-2019 06:49:58 UTC] エラー発生:SQLSTATE[HY000] [2002] No such file or directory
[18-Aug-2019 06:49:58 UTC] PHP Warning:  Invalid argument supplied for foreach() in /Applications/MAMP/htdocs/freemarket/index.php on line 124
[18-Aug-2019 06:49:58 UTC] PHP Stack trace:
[18-Aug-2019 06:49:58 UTC] PHP   1. {main}() /Applications/MAMP/htdocs/freemarket/index.php:0
[18-Aug-2019 06:49:58 UTC] エラー発生:SQLSTATE[HY000] [2002] No such file or directory
[18-Aug-2019 06:49:58 UTC] PHP Warning:  Invalid argument supplied for foreach() in /Applications/MAMP/htdocs/freemarket/index.php on line 124
[18-Aug-2019 06:49:58 UTC] PHP Stack trace:
[18-Aug-2019 06:49:58 UTC] PHP   1. {main}() /Applications/MAMP/htdocs/freemarket/index.php:0
[18-Aug-2019 07:25:53 UTC] エラー発生:SQLSTATE[HY000] [2002] No such file or directory
[18-Aug-2019 07:25:53 UTC] PHP Warning:  Invalid argument supplied for foreach() in /Applications/MAMP/htdocs/freemarket/index.php on line 124
[18-Aug-2019 07:25:53 UTC] PHP Stack trace:
[18-Aug-2019 07:25:53 UTC] PHP   1. {main}() /Applications/MAMP/htdocs/freemarket/index.php:0
[18-Aug-2019 07:41:26 UTC] デバッグ：クエリに失敗しました。
[18-Aug-2019 07:41:26 UTC] PHP Fatal error:  Uncaught Error: Call to a member function fetchAll() on int in /Applications/MAMP/htdocs/freemarket/Controller/Super_User_Controller.php:133
Stack trace:
#0 /Applications/MAMP/htdocs/freemarket/index.php(34): display_All_Items()
#1 {main}
  thrown in /Applications/MAMP/htdocs/freemarket/Controller/Super_User_Controller.php on line 133
[18-Aug-2019 07:52:58 UTC] デバッグ：ログイン済みユーザーです。
[18-Aug-2019 07:52:58 UTC] デバッグ：ログイン有効期限以内です。
[18-Aug-2019 07:52:58 UTC] デバッグ：クエリ成功。
[18-Aug-2019 07:52:58 UTC] PHP Warning:  Invalid argument supplied for foreach() in /Applications/MAMP/htdocs/freemarket/index.php on line 124
[18-Aug-2019 07:52:58 UTC] PHP Stack trace:
[18-Aug-2019 07:52:58 UTC] PHP   1. {main}() /Applications/MAMP/htdocs/freemarket/index.php:0
[18-Aug-2019 07:53:00 UTC] デバッグ：クエリ成功。
[18-Aug-2019 07:53:00 UTC] PHP Warning:  Invalid argument supplied for foreach() in /Applications/MAMP/htdocs/freemarket/index.php on line 124
[18-Aug-2019 07:53:00 UTC] PHP Stack trace:
[18-Aug-2019 07:53:00 UTC] PHP   1. {main}() /Applications/MAMP/htdocs/freemarket/index.php:0
[18-Aug-2019 08:22:25 UTC] デバッグ：ログイン済みユーザーです。
[18-Aug-2019 08:22:25 UTC] デバッグ：ログイン有効期限以内です。
[18-Aug-2019 08:22:25 UTC] デバッグ：クエリ成功。
[18-Aug-2019 08:22:25 UTC] PHP Warning:  Invalid argument supplied for foreach() in /Applications/MAMP/htdocs/freemarket/index.php on line 124
[18-Aug-2019 08:22:25 UTC] PHP Stack trace:
[18-Aug-2019 08:22:25 UTC] PHP   1. {main}() /Applications/MAMP/htdocs/freemarket/index.php:0
[18-Aug-2019 08:29:52 UTC] デバッグ：ログイン済みユーザーです。
[18-Aug-2019 08:29:52 UTC] デバッグ：ログイン有効期限以内です。
[18-Aug-2019 08:29:52 UTC] デバッグ：クエリ成功。
[18-Aug-2019 08:29:53 UTC] デバッグ：ログイン済みユーザーです。
[18-Aug-2019 08:29:53 UTC] デバッグ：ログイン有効期限以内です。
[18-Aug-2019 08:29:53 UTC] デバッグ：クエリ成功。
[18-Aug-2019 08:29:54 UTC] デバッグ：ログイン済みユーザーです。
[18-Aug-2019 08:29:54 UTC] デバッグ：ログイン有効期限以内です。
[18-Aug-2019 08:29:54 UTC] デバッグ：クエリ成功。
[18-Aug-2019 08:29:54 UTC] デバッグ：ログイン済みユーザーです。
[18-Aug-2019 08:29:54 UTC] デバッグ：ログイン有効期限以内です。
[18-Aug-2019 08:29:54 UTC] デバッグ：クエリ成功。
[18-Aug-2019 08:29:54 UTC] デバッグ：ログイン済みユーザーです。
[18-Aug-2019 08:29:54 UTC] デバッグ：ログイン有効期限以内です。
[18-Aug-2019 08:29:54 UTC] デバッグ：ログイン済みユーザーです。
[18-Aug-2019 08:29:54 UTC] デバッグ：ログイン有効期限以内です。
[18-Aug-2019 08:29:54 UTC] デバッグ：クエリ成功。
[18-Aug-2019 08:29:54 UTC] デバッグ：クエリ成功。
[18-Aug-2019 08:29:54 UTC] デバッグ：ログイン済みユーザーです。
[18-Aug-2019 08:29:54 UTC] デバッグ：ログイン有効期限以内です。
[18-Aug-2019 08:29:54 UTC] デバッグ：クエリ成功。
[18-Aug-2019 08:29:55 UTC] デバッグ：ログイン済みユーザーです。
[18-Aug-2019 08:29:55 UTC] デバッグ：ログイン有効期限以内です。
[18-Aug-2019 08:29:55 UTC] デバッグ：クエリ成功。
[18-Aug-2019 08:29:55 UTC] デバッグ：ログイン済みユーザーです。
[18-Aug-2019 08:29:55 UTC] デバッグ：ログイン有効期限以内です。
[18-Aug-2019 08:29:55 UTC] デバッグ：クエリ成功。
[18-Aug-2019 08:29:55 UTC] デバッグ：ログイン済みユーザーです。
[18-Aug-2019 08:29:55 UTC] デバッグ：ログイン有効期限以内です。
[18-Aug-2019 08:29:55 UTC] デバッグ：クエリ成功。
[18-Aug-2019 08:29:56 UTC] デバッグ：ログイン済みユーザーです。
[18-Aug-2019 08:29:56 UTC] デバッグ：ログイン有効期限以内です。
[18-Aug-2019 08:29:56 UTC] デバッグ：クエリ成功。
[18-Aug-2019 08:29:57 UTC] デバッグ：ログイン済みユーザーです。
[18-Aug-2019 08:29:57 UTC] デバッグ：ログイン有効期限以内です。
[18-Aug-2019 08:29:57 UTC] デバッグ：クエリ成功。
[18-Aug-2019 08:29:57 UTC] デバッグ：ログイン済みユーザーです。
[18-Aug-2019 08:29:57 UTC] デバッグ：ログイン有効期限以内です。
[18-Aug-2019 08:29:57 UTC] デバッグ：クエリ成功。
[18-Aug-2019 08:29:59 UTC] デバッグ：クエリ成功。
[18-Aug-2019 08:30:02 UTC] デバッグ：クエリ成功。
[18-Aug-2019 08:30:02 UTC] デバッグ：クエリ成功。
[18-Aug-2019 08:30:02 UTC] デバッグ：クエリ成功。
[18-Aug-2019 08:30:02 UTC] デバッグ：クエリ成功。
[18-Aug-2019 08:41:10 UTC] デバッグ：クエリ成功。
[18-Aug-2019 08:54:31 UTC] デバッグ：クエリ成功。
[18-Aug-2019 09:01:30 UTC] デバッグ：ログイン済みユーザーです。
[18-Aug-2019 09:01:30 UTC] デバッグ：ログイン有効期限以内です。
[18-Aug-2019 09:01:30 UTC] デバッグ：クエリ成功。
[18-Aug-2019 09:05:41 UTC] デバッグ：クエリ成功。
[18-Aug-2019 09:05:49 UTC] デバッグ：ログイン済みユーザーです。
[18-Aug-2019 09:05:49 UTC] デバッグ：ログイン有効期限以内です。
[18-Aug-2019 09:05:49 UTC] デバッグ：クエリ成功。
[18-Aug-2019 09:05:53 UTC] デバッグ：ログイン済みユーザーです。
[18-Aug-2019 09:05:53 UTC] デバッグ：ログイン有効期限以内です。
[18-Aug-2019 09:05:53 UTC] デバッグ：クエリ成功。
[18-Aug-2019 09:06:06 UTC] デバッグ：ログイン済みユーザーです。
[18-Aug-2019 09:06:06 UTC] デバッグ：ログイン有効期限以内です。
[18-Aug-2019 09:06:06 UTC] デバッグ：クエリ成功。
[18-Aug-2019 09:14:27 UTC] デバッグ：クエリ成功。
[18-Aug-2019 09:14:38 UTC] デバッグ：クエリ成功。
[18-Aug-2019 09:14:39 UTC] デバッグ：クエリ成功。
[18-Aug-2019 09:14:40 UTC] デバッグ：クエリ成功。
[18-Aug-2019 09:14:40 UTC] デバッグ：クエリ成功。
[18-Aug-2019 09:14:40 UTC] デバッグ：クエリ成功。
[18-Aug-2019 09:14:40 UTC] デバッグ：クエリ成功。
[18-Aug-2019 09:14:40 UTC] デバッグ：クエリ成功。
[18-Aug-2019 09:14:40 UTC] デバッグ：クエリ成功。
[18-Aug-2019 09:14:41 UTC] デバッグ：クエリ成功。
[18-Aug-2019 09:14:49 UTC] デバッグ：ログイン済みユーザーです。
[18-Aug-2019 09:14:49 UTC] デバッグ：ログイン有効期限以内です。
[18-Aug-2019 09:14:49 UTC] デバッグ：クエリ成功。
[18-Aug-2019 09:14:51 UTC] デバッグ：ログイン済みユーザーです。
[18-Aug-2019 09:14:51 UTC] デバッグ：ログイン有効期限以内です。
[18-Aug-2019 09:14:51 UTC] デバッグ：クエリ成功。
[18-Aug-2019 09:14:54 UTC] デバッグ：ログイン済みユーザーです。
[18-Aug-2019 09:14:54 UTC] デバッグ：ログイン有効期限以内です。
[18-Aug-2019 09:14:54 UTC] デバッグ：クエリ成功。
[18-Aug-2019 09:14:56 UTC] デバッグ：ログイン済みユーザーです。
[18-Aug-2019 09:14:56 UTC] デバッグ：ログイン有効期限以内です。
[18-Aug-2019 09:14:56 UTC] デバッグ：クエリ成功。
[18-Aug-2019 09:15:00 UTC] デバッグ：ログイン済みユーザーです。
[18-Aug-2019 09:15:00 UTC] デバッグ：ログイン有効期限以内です。
[18-Aug-2019 09:15:00 UTC] デバッグ：クエリ成功。
[18-Aug-2019 09:15:02 UTC] デバッグ：ログイン済みユーザーです。
[18-Aug-2019 09:15:02 UTC] デバッグ：ログイン有効期限以内です。
[18-Aug-2019 09:15:02 UTC] デバッグ：クエリ成功。
[18-Aug-2019 09:15:04 UTC] デバッグ：ログイン済みユーザーです。
[18-Aug-2019 09:15:04 UTC] デバッグ：ログイン有効期限以内です。
[18-Aug-2019 09:15:04 UTC] デバッグ：クエリ成功。
[18-Aug-2019 09:15:06 UTC] デバッグ：ログイン済みユーザーです。
[18-Aug-2019 09:15:06 UTC] デバッグ：ログイン有効期限以内です。
[18-Aug-2019 09:15:06 UTC] デバッグ：クエリ成功。
[18-Aug-2019 09:15:11 UTC] デバッグ：ログイン済みユーザーです。
[18-Aug-2019 09:15:11 UTC] デバッグ：ログイン有効期限以内です。
[18-Aug-2019 09:15:11 UTC] デバッグ：クエリ成功。
[18-Aug-2019 09:15:14 UTC] デバッグ：クエリ成功。
[18-Aug-2019 09:17:00 UTC] デバッグ：クエリ成功。
[18-Aug-2019 09:17:14 UTC] デバッグ：ログイン済みユーザーです。
[18-Aug-2019 09:17:14 UTC] デバッグ：ログイン有効期限以内です。
[18-Aug-2019 09:17:14 UTC] デバッグ：クエリ成功。
[18-Aug-2019 09:17:17 UTC] デバッグ：ログイン済みユーザーです。
[18-Aug-2019 09:17:17 UTC] デバッグ：ログイン有効期限以内です。
[18-Aug-2019 09:17:17 UTC] デバッグ：クエリ成功。
[18-Aug-2019 09:17:29 UTC] デバッグ：クエリ成功。
[18-Aug-2019 09:17:36 UTC] デバッグ：ログイン済みユーザーです。
[18-Aug-2019 09:17:36 UTC] デバッグ：ログイン有効期限以内です。
[18-Aug-2019 09:17:36 UTC] デバッグ：クエリ成功。
[18-Aug-2019 09:17:58 UTC] デバッグ：ログイン済みユーザーです。
[18-Aug-2019 09:17:58 UTC] デバッグ：ログイン有効期限以内です。
[18-Aug-2019 09:17:58 UTC] デバッグ：クエリ成功。
[18-Aug-2019 09:18:01 UTC] デバッグ：ログイン済みユーザーです。
[18-Aug-2019 09:18:01 UTC] デバッグ：ログイン有効期限以内です。
[18-Aug-2019 09:18:01 UTC] デバッグ：クエリ成功。
[18-Aug-2019 09:18:03 UTC] デバッグ：ログイン済みユーザーです。
[18-Aug-2019 09:18:03 UTC] デバッグ：ログイン有効期限以内です。
[18-Aug-2019 09:18:03 UTC] デバッグ：クエリ成功。
[18-Aug-2019 09:18:59 UTC] デバッグ：クエリ成功。
[18-Aug-2019 09:18:59 UTC] PHP Warning:  Invalid argument supplied for foreach() in /Applications/MAMP/htdocs/freemarket/index.php on line 124
[18-Aug-2019 09:18:59 UTC] PHP Stack trace:
[18-Aug-2019 09:18:59 UTC] PHP   1. {main}() /Applications/MAMP/htdocs/freemarket/index.php:0
[18-Aug-2019 09:19:01 UTC] デバッグ：クエリ成功。
[18-Aug-2019 09:19:01 UTC] PHP Warning:  Invalid argument supplied for foreach() in /Applications/MAMP/htdocs/freemarket/index.php on line 124
[18-Aug-2019 09:19:01 UTC] PHP Stack trace:
[18-Aug-2019 09:19:01 UTC] PHP   1. {main}() /Applications/MAMP/htdocs/freemarket/index.php:0
[18-Aug-2019 09:19:03 UTC] デバッグ：クエリ成功。
[18-Aug-2019 09:19:03 UTC] PHP Warning:  Invalid argument supplied for foreach() in /Applications/MAMP/htdocs/freemarket/index.php on line 124
[18-Aug-2019 09:19:03 UTC] PHP Stack trace:
[18-Aug-2019 09:19:03 UTC] PHP   1. {main}() /Applications/MAMP/htdocs/freemarket/index.php:0
[18-Aug-2019 09:19:03 UTC] デバッグ：クエリ成功。
[18-Aug-2019 09:19:03 UTC] PHP Warning:  Invalid argument supplied for foreach() in /Applications/MAMP/htdocs/freemarket/index.php on line 124
[18-Aug-2019 09:19:03 UTC] PHP Stack trace:
[18-Aug-2019 09:19:03 UTC] PHP   1. {main}() /Applications/MAMP/htdocs/freemarket/index.php:0
[18-Aug-2019 09:19:04 UTC] デバッグ：クエリ成功。
[18-Aug-2019 09:19:04 UTC] PHP Warning:  Invalid argument supplied for foreach() in /Applications/MAMP/htdocs/freemarket/index.php on line 124
[18-Aug-2019 09:19:04 UTC] PHP Stack trace:
[18-Aug-2019 09:19:04 UTC] PHP   1. {main}() /Applications/MAMP/htdocs/freemarket/index.php:0
[18-Aug-2019 09:19:04 UTC] デバッグ：クエリ成功。
[18-Aug-2019 09:19:04 UTC] PHP Warning:  Invalid argument supplied for foreach() in /Applications/MAMP/htdocs/freemarket/index.php on line 124
[18-Aug-2019 09:19:04 UTC] PHP Stack trace:
[18-Aug-2019 09:19:04 UTC] PHP   1. {main}() /Applications/MAMP/htdocs/freemarket/index.php:0
[18-Aug-2019 09:19:04 UTC] デバッグ：クエリ成功。
[18-Aug-2019 09:19:04 UTC] PHP Warning:  Invalid argument supplied for foreach() in /Applications/MAMP/htdocs/freemarket/index.php on line 124
[18-Aug-2019 09:19:04 UTC] PHP Stack trace:
[18-Aug-2019 09:19:04 UTC] PHP   1. {main}() /Applications/MAMP/htdocs/freemarket/index.php:0
[18-Aug-2019 09:19:04 UTC] デバッグ：クエリ成功。
[18-Aug-2019 09:19:04 UTC] PHP Warning:  Invalid argument supplied for foreach() in /Applications/MAMP/htdocs/freemarket/index.php on line 124
[18-Aug-2019 09:19:04 UTC] PHP Stack trace:
[18-Aug-2019 09:19:04 UTC] PHP   1. {main}() /Applications/MAMP/htdocs/freemarket/index.php:0
[18-Aug-2019 09:19:04 UTC] デバッグ：クエリ成功。
[18-Aug-2019 09:19:04 UTC] PHP Warning:  Invalid argument supplied for foreach() in /Applications/MAMP/htdocs/freemarket/index.php on line 124
[18-Aug-2019 09:19:04 UTC] PHP Stack trace:
[18-Aug-2019 09:19:04 UTC] PHP   1. {main}() /Applications/MAMP/htdocs/freemarket/index.php:0
[18-Aug-2019 09:19:04 UTC] デバッグ：クエリ成功。
[18-Aug-2019 09:19:04 UTC] PHP Warning:  Invalid argument supplied for foreach() in /Applications/MAMP/htdocs/freemarket/index.php on line 124
[18-Aug-2019 09:19:04 UTC] PHP Stack trace:
[18-Aug-2019 09:19:04 UTC] PHP   1. {main}() /Applications/MAMP/htdocs/freemarket/index.php:0
[18-Aug-2019 09:19:05 UTC] デバッグ：クエリ成功。
[18-Aug-2019 09:19:05 UTC] PHP Warning:  Invalid argument supplied for foreach() in /Applications/MAMP/htdocs/freemarket/index.php on line 124
[18-Aug-2019 09:19:05 UTC] PHP Stack trace:
[18-Aug-2019 09:19:05 UTC] PHP   1. {main}() /Applications/MAMP/htdocs/freemarket/index.php:0
[18-Aug-2019 09:19:05 UTC] デバッグ：クエリ成功。
[18-Aug-2019 09:19:05 UTC] PHP Warning:  Invalid argument supplied for foreach() in /Applications/MAMP/htdocs/freemarket/index.php on line 124
[18-Aug-2019 09:19:05 UTC] PHP Stack trace:
[18-Aug-2019 09:19:05 UTC] PHP   1. {main}() /Applications/MAMP/htdocs/freemarket/index.php:0
[18-Aug-2019 09:19:05 UTC] デバッグ：クエリ成功。
[18-Aug-2019 09:19:05 UTC] PHP Warning:  Invalid argument supplied for foreach() in /Applications/MAMP/htdocs/freemarket/index.php on line 124
[18-Aug-2019 09:19:05 UTC] PHP Stack trace:
[18-Aug-2019 09:19:05 UTC] PHP   1. {main}() /Applications/MAMP/htdocs/freemarket/index.php:0
[18-Aug-2019 09:19:16 UTC] デバッグ：ログイン済みユーザーです。
[18-Aug-2019 09:19:16 UTC] デバッグ：ログイン有効期限以内です。
[18-Aug-2019 09:19:16 UTC] デバッグ：クエリ成功。
[18-Aug-2019 09:19:16 UTC] PHP Warning:  Invalid argument supplied for foreach() in /Applications/MAMP/htdocs/freemarket/index.php on line 124
[18-Aug-2019 09:19:16 UTC] PHP Stack trace:
[18-Aug-2019 09:19:16 UTC] PHP   1. {main}() /Applications/MAMP/htdocs/freemarket/index.php:0
[18-Aug-2019 09:19:43 UTC] デバッグ：ログイン済みユーザーです。
[18-Aug-2019 09:19:43 UTC] デバッグ：ログイン有効期限以内です。
[18-Aug-2019 09:19:46 UTC] デバッグ：クエリ成功。
[18-Aug-2019 09:19:59 UTC] デバッグ：ログイン済みユーザーです。
[18-Aug-2019 09:20:00 UTC] デバッグ：ログイン有効期限以内です。
[18-Aug-2019 09:20:23 UTC] デバッグ：クエリ成功。
[18-Aug-2019 09:20:40 UTC] デバッグ：ログイン済みユーザーです。
[18-Aug-2019 09:20:40 UTC] デバッグ：ログイン有効期限以内です。
[18-Aug-2019 09:20:40 UTC] デバッグ：クエリ成功。
[18-Aug-2019 09:20:42 UTC] デバッグ：ログイン済みユーザーです。
[18-Aug-2019 09:20:42 UTC] デバッグ：ログイン有効期限以内です。
[18-Aug-2019 09:20:42 UTC] デバッグ：クエリ成功。
[18-Aug-2019 09:20:43 UTC] デバッグ：クエリ成功。
[18-Aug-2019 09:20:45 UTC] デバッグ：クエリ成功。
[18-Aug-2019 09:21:21 UTC] デバッグ：ログイン済みユーザーです。
[18-Aug-2019 09:21:21 UTC] デバッグ：ログイン有効期限以内です。
[18-Aug-2019 09:21:21 UTC] デバッグ：クエリ成功。
[18-Aug-2019 09:21:25 UTC] デバッグ：ログイン済みユーザーです。
[18-Aug-2019 09:21:25 UTC] デバッグ：ログイン有効期限以内です。
[18-Aug-2019 09:21:25 UTC] デバッグ：クエリ成功。
[18-Aug-2019 09:21:29 UTC] デバッグ：ログイン済みユーザーです。
[18-Aug-2019 09:21:29 UTC] デバッグ：ログイン有効期限以内です。
[18-Aug-2019 09:21:29 UTC] デバッグ：クエリ成功。
[18-Aug-2019 09:21:32 UTC] デバッグ：ログイン済みユーザーです。
[18-Aug-2019 09:21:32 UTC] デバッグ：ログイン有効期限以内です。
[18-Aug-2019 09:21:32 UTC] デバッグ：クエリ成功。
[18-Aug-2019 09:21:34 UTC] デバッグ：ログイン済みユーザーです。
[18-Aug-2019 09:21:34 UTC] デバッグ：ログイン有効期限以内です。
[18-Aug-2019 09:21:34 UTC] デバッグ：クエリ成功。
[18-Aug-2019 09:21:37 UTC] デバッグ：ログイン済みユーザーです。
[18-Aug-2019 09:21:37 UTC] デバッグ：ログイン有効期限以内です。
[18-Aug-2019 09:21:37 UTC] デバッグ：クエリ成功。
[18-Aug-2019 09:21:40 UTC] デバッグ：ログイン済みユーザーです。
[18-Aug-2019 09:21:40 UTC] デバッグ：ログイン有効期限以内です。
[18-Aug-2019 09:21:40 UTC] デバッグ：クエリ成功。
[18-Aug-2019 09:21:43 UTC] デバッグ：ログイン済みユーザーです。
[18-Aug-2019 09:21:43 UTC] デバッグ：ログイン有効期限以内です。
[18-Aug-2019 09:21:43 UTC] デバッグ：クエリ成功。
[18-Aug-2019 09:21:45 UTC] デバッグ：ログイン済みユーザーです。
[18-Aug-2019 09:21:45 UTC] デバッグ：ログイン有効期限以内です。
[18-Aug-2019 09:21:45 UTC] デバッグ：クエリ成功。
[18-Aug-2019 09:21:49 UTC] デバッグ：ログイン済みユーザーです。
[18-Aug-2019 09:21:49 UTC] デバッグ：ログイン有効期限以内です。
[18-Aug-2019 09:21:49 UTC] デバッグ：クエリ成功。
[18-Aug-2019 09:21:53 UTC] デバッグ：ログイン済みユーザーです。
[18-Aug-2019 09:21:53 UTC] デバッグ：ログイン有効期限以内です。
[18-Aug-2019 09:21:53 UTC] デバッグ：クエリ成功。
[18-Aug-2019 09:21:57 UTC] デバッグ：ログイン済みユーザーです。
[18-Aug-2019 09:21:57 UTC] デバッグ：ログイン有効期限以内です。
[18-Aug-2019 09:21:57 UTC] デバッグ：クエリ成功。
[18-Aug-2019 09:24:24 UTC] デバッグ：ログイン済みユーザーです。
[18-Aug-2019 09:24:24 UTC] デバッグ：ログイン有効期限以内です。
[18-Aug-2019 09:24:24 UTC] デバッグ：クエリ成功。
[18-Aug-2019 09:31:01 UTC] デバッグ：ログイン済みユーザーです。
[18-Aug-2019 09:31:01 UTC] デバッグ：ログイン有効期限以内です。
[18-Aug-2019 09:31:01 UTC] デバッグ：クエリ成功。
[18-Aug-2019 09:31:31 UTC] デバッグ：ログイン済みユーザーです。
[18-Aug-2019 09:31:31 UTC] デバッグ：ログイン有効期限以内です。
[18-Aug-2019 09:31:31 UTC] デバッグ：クエリ成功。
[18-Aug-2019 09:31:36 UTC] デバッグ：ログイン済みユーザーです。
[18-Aug-2019 09:31:36 UTC] デバッグ：ログイン有効期限以内です。
[18-Aug-2019 09:31:36 UTC] デバッグ：クエリ成功。
[18-Aug-2019 09:32:10 UTC] デバッグ：ログイン済みユーザーです。
[18-Aug-2019 09:32:10 UTC] デバッグ：ログイン有効期限以内です。
[18-Aug-2019 09:32:10 UTC] デバッグ：クエリ成功。
[18-Aug-2019 09:36:22 UTC] デバッグ：ログイン済みユーザーです。
[18-Aug-2019 09:36:22 UTC] デバッグ：ログイン有効期限以内です。
[18-Aug-2019 09:36:22 UTC] デバッグ：クエリ成功。
[18-Aug-2019 09:36:26 UTC] デバッグ：クエリ成功。
[18-Aug-2019 09:36:33 UTC] デバッグ：ログイン済みユーザーです。
[18-Aug-2019 09:36:33 UTC] デバッグ：ログイン有効期限以内です。
[18-Aug-2019 09:36:33 UTC] デバッグ：クエリ成功。
[18-Aug-2019 09:36:47 UTC] デバッグ：クエリ成功。
[18-Aug-2019 09:36:56 UTC] デバッグ：ログイン済みユーザーです。
[18-Aug-2019 09:36:56 UTC] デバッグ：ログイン有効期限以内です。
[18-Aug-2019 09:36:56 UTC] デバッグ：クエリ成功。
[18-Aug-2019 09:39:37 UTC] デバッグ：クエリ成功。
[18-Aug-2019 09:47:49 UTC] デバッグ：クエリ成功。
[18-Aug-2019 10:06:57 UTC] デバッグ：クエリ成功。
[18-Aug-2019 10:07:36 UTC] デバッグ：クエリ成功。
[18-Aug-2019 10:22:03 UTC] デバッグ：クエリ成功。
[18-Aug-2019 10:22:11 UTC] デバッグ：クエリ成功。
[18-Aug-2019 10:23:34 UTC] デバッグ：ログイン済みユーザーです。
[18-Aug-2019 10:23:34 UTC] デバッグ：ログイン有効期限以内です。
[18-Aug-2019 10:23:34 UTC] デバッグ：クエリ成功。
[18-Aug-2019 10:23:37 UTC] デバッグ：ログイン済みユーザーです。
[18-Aug-2019 10:23:37 UTC] デバッグ：ログイン有効期限以内です。
[18-Aug-2019 10:23:37 UTC] デバッグ：クエリ成功。
[18-Aug-2019 10:24:08 UTC] デバッグ：クエリ成功。
[18-Aug-2019 10:24:30 UTC] デバッグ：クエリ成功。
[18-Aug-2019 10:30:44 UTC] デバッグ：ログイン済みユーザーです。
[18-Aug-2019 10:30:44 UTC] デバッグ：ログイン有効期限以内です。
[18-Aug-2019 10:30:44 UTC] デバッグ：クエリ成功。
[18-Aug-2019 10:30:44 UTC] デバッグ：ログイン済みユーザーです。
[18-Aug-2019 10:30:44 UTC] デバッグ：ログイン有効期限以内です。
[18-Aug-2019 10:30:44 UTC] デバッグ：クエリ成功。
[18-Aug-2019 10:52:32 UTC] デバッグ：クエリ成功。
[18-Aug-2019 10:52:41 UTC] デバッグ：クエリ成功。
[18-Aug-2019 10:53:16 UTC] デバッグ：クエリ成功。
[18-Aug-2019 10:53:21 UTC] デバッグ：クエリ成功。
[18-Aug-2019 10:53:38 UTC] デバッグ：クエリ成功。
[18-Aug-2019 10:53:45 UTC] デバッグ：クエリ成功。
[18-Aug-2019 10:56:44 UTC] デバッグ：クエリ成功。
[18-Aug-2019 10:57:51 UTC] デバッグ：クエリ成功。
[18-Aug-2019 11:05:36 UTC] デバッグ：クエリ成功。
[18-Aug-2019 11:06:21 UTC] デバッグ：クエリ成功。
[18-Aug-2019 11:06:35 UTC] デバッグ：クエリ成功。
[18-Aug-2019 11:18:24 UTC] デバッグ：クエリ成功。
[18-Aug-2019 11:25:08 UTC] デバッグ：ログイン済みユーザーです。
[18-Aug-2019 11:25:08 UTC] デバッグ：ログイン有効期限以内です。
[18-Aug-2019 11:25:08 UTC] デバッグ：クエリ成功。
[18-Aug-2019 11:25:09 UTC] デバッグ：クエリ成功。
[18-Aug-2019 11:25:14 UTC] デバッグ：クエリ成功。
[18-Aug-2019 11:25:16 UTC] デバッグ：クエリ成功。
[18-Aug-2019 11:26:11 UTC] デバッグ：クエリ成功。
[18-Aug-2019 11:26:13 UTC] デバッグ：クエリ成功。
[18-Aug-2019 11:26:15 UTC] デバッグ：クエリ成功。
[18-Aug-2019 11:26:16 UTC] デバッグ：クエリ成功。
[18-Aug-2019 11:26:23 UTC] デバッグ：クエリ成功。
[18-Aug-2019 11:26:25 UTC] デバッグ：クエリ成功。
[18-Aug-2019 11:26:28 UTC] デバッグ：クエリ成功。
[18-Aug-2019 11:26:31 UTC] デバッグ：クエリ成功。
[18-Aug-2019 11:26:33 UTC] デバッグ：クエリ成功。
[18-Aug-2019 11:26:35 UTC] デバッグ：クエリ成功。
[18-Aug-2019 12:06:00 UTC] デバッグ：ログイン済みユーザーです。
[18-Aug-2019 12:06:00 UTC] デバッグ：ログイン有効期限以内です。
[18-Aug-2019 12:06:00 UTC] デバッグ：クエリ成功。
[18-Aug-2019 12:06:07 UTC] デバッグ：ログイン済みユーザーです。
[18-Aug-2019 12:06:07 UTC] デバッグ：ログイン有効期限以内です。
[18-Aug-2019 12:06:07 UTC] デバッグ：クエリ成功。
[18-Aug-2019 12:06:58 UTC] デバッグ：ログイン済みユーザーです。
[18-Aug-2019 12:06:58 UTC] デバッグ：ログイン有効期限以内です。
[18-Aug-2019 12:06:58 UTC] デバッグ：クエリ成功。
[18-Aug-2019 12:30:16 UTC] デバッグ：ログイン済みユーザーです。
[18-Aug-2019 12:30:16 UTC] デバッグ：ログイン有効期限以内です。
[18-Aug-2019 12:30:16 UTC] デバッグ：クエリ成功。
[18-Aug-2019 12:30:49 UTC] デバッグ：ログイン済みユーザーです。
[18-Aug-2019 12:30:49 UTC] デバッグ：ログイン有効期限以内です。
[18-Aug-2019 12:30:49 UTC] デバッグ：クエリ成功。
[18-Aug-2019 12:33:51 UTC] デバッグ：ログイン済みユーザーです。
[18-Aug-2019 12:33:51 UTC] デバッグ：ログイン有効期限以内です。
[18-Aug-2019 12:33:51 UTC] デバッグ：クエリ成功。
[18-Aug-2019 12:36:56 UTC] デバッグ：ログイン済みユーザーです。
[18-Aug-2019 12:36:56 UTC] デバッグ：ログイン有効期限以内です。
[18-Aug-2019 12:36:56 UTC] デバッグ：クエリ成功。
[18-Aug-2019 12:37:37 UTC] デバッグ：ログイン済みユーザーです。
[18-Aug-2019 12:37:37 UTC] デバッグ：ログイン有効期限以内です。
[18-Aug-2019 12:37:37 UTC] デバッグ：クエリ成功。
[19-Aug-2019 12:39:02 UTC] デバッグ：ログイン済みユーザーです。
[19-Aug-2019 12:39:02 UTC] デバッグ：ログイン有効期限オーバーです。
[19-Aug-2019 12:39:02 UTC] デバッグ：クエリ成功。
[19-Aug-2019 12:39:05 UTC] デバッグ：クエリ成功。
[19-Aug-2019 12:39:07 UTC] デバッグ：クエリ成功。
[19-Aug-2019 12:39:07 UTC] デバッグ：クエリ成功。
[19-Aug-2019 13:09:05 UTC] デバッグ：クエリ成功。
[19-Aug-2019 13:41:14 UTC] デバッグ：クエリ成功。
[19-Aug-2019 13:42:47 UTC] デバッグ：クエリ成功。
