[17-Nov-2019 04:23:48 UTC] デバッグ：ログイン済みユーザーです。
[17-Nov-2019 04:23:48 UTC] デバッグ：ログイン有効期限以内です。
[17-Nov-2019 04:23:48 UTC] デバッグ：クエリ成功。
[17-Nov-2019 04:24:06 UTC] デバッグ：クエリに失敗しました。
[17-Nov-2019 04:24:20 UTC] デバッグ：ログイン済みユーザーです。
[17-Nov-2019 04:24:20 UTC] デバッグ：ログイン有効期限以内です。
[17-Nov-2019 04:24:20 UTC] デバッグ：クエリ成功。
[17-Nov-2019 04:24:20 UTC] デバッグ：クエリ成功。
[17-Nov-2019 04:24:29 UTC] デバッグ：ログイン済みユーザーです。
[17-Nov-2019 04:24:29 UTC] デバッグ：ログイン有効期限以内です。
[17-Nov-2019 04:24:29 UTC] デバッグ：クエリ成功。
[17-Nov-2019 04:24:29 UTC] デバッグ：ログイン済みユーザーです。
[17-Nov-2019 04:24:29 UTC] デバッグ：ログイン有効期限以内です。
[17-Nov-2019 04:24:29 UTC] デバッグ：クエリ成功。
[17-Nov-2019 04:24:41 UTC] デバッグ：ログイン済みユーザーです。
[17-Nov-2019 04:24:41 UTC] デバッグ：ログイン有効期限以内です。
[17-Nov-2019 04:24:41 UTC] デバッグ：クエリ成功。
[17-Nov-2019 04:24:48 UTC] デバッグ：画像アップロード処理開始
[17-Nov-2019 04:24:48 UTC] デバッグ：FILE情報：Array
(
    [name] => picture.jpg
    [type] => image/jpeg
    [tmp_name] => /Applications/MAMP/tmp/php/phpIwEnUh
    [error] => 0
    [size] => 951421
)

[17-Nov-2019 04:24:48 UTC] デバッグ：ファイルは正常にアップロードされました
[17-Nov-2019 04:24:48 UTC] デバッグ：ファイルパス：/user_images/dafeab241a33d122af5634c879c52054335ec633.jpeg
[17-Nov-2019 04:24:48 UTC] デバッグ：ログイン済みユーザーです。
[17-Nov-2019 04:24:48 UTC] デバッグ：ログイン有効期限以内です。
[17-Nov-2019 04:24:48 UTC] デバッグ：クエリ成功。
[17-Nov-2019 04:24:59 UTC] デバッグ：ログイン済みユーザーです。
[17-Nov-2019 04:24:59 UTC] デバッグ：ログイン有効期限以内です。
[17-Nov-2019 04:24:59 UTC] デバッグ：クエリ成功。
[17-Nov-2019 04:25:41 UTC] デバッグ：ログイン済みユーザーです。
[17-Nov-2019 04:25:41 UTC] デバッグ：ログイン有効期限以内です。
[17-Nov-2019 04:25:41 UTC] デバッグ：クエリ成功。
[17-Nov-2019 04:25:42 UTC] デバッグ：ログイン済みユーザーです。
[17-Nov-2019 04:25:42 UTC] デバッグ：ログイン有効期限以内です。
[17-Nov-2019 04:25:42 UTC] デバッグ：クエリ成功。
[17-Nov-2019 04:25:42 UTC] デバッグ：クエリに失敗しました。
[17-Nov-2019 04:25:42 UTC] デバッグ：ログイン済みユーザーです。
[17-Nov-2019 04:25:42 UTC] デバッグ：ログイン有効期限以内です。
[17-Nov-2019 04:25:42 UTC] デバッグ：クエリ成功。
[17-Nov-2019 04:25:42 UTC] デバッグ：クエリ成功。
[17-Nov-2019 04:25:48 UTC] デバッグ：ログイン済みユーザーです。
[17-Nov-2019 04:25:48 UTC] デバッグ：ログイン有効期限以内です。
[17-Nov-2019 04:25:48 UTC] デバッグ：クエリ成功。
[17-Nov-2019 04:25:48 UTC] デバッグ：ログイン済みユーザーです。
[17-Nov-2019 04:25:48 UTC] デバッグ：ログイン有効期限以内です。
[17-Nov-2019 04:25:48 UTC] デバッグ：クエリ成功。
[17-Nov-2019 04:25:50 UTC] デバッグ：ログイン済みユーザーです。
[17-Nov-2019 04:25:50 UTC] デバッグ：ログイン有効期限以内です。
[17-Nov-2019 04:25:50 UTC] デバッグ：クエリ成功。
[17-Nov-2019 04:25:50 UTC] デバッグ：クエリ成功。
[17-Nov-2019 04:25:51 UTC] デバッグ：ログイン済みユーザーです。
[17-Nov-2019 04:25:51 UTC] デバッグ：ログイン有効期限以内です。
[17-Nov-2019 04:25:51 UTC] デバッグ：クエリ成功。
[17-Nov-2019 04:26:02 UTC] デバッグ：ログイン済みユーザーです。
[17-Nov-2019 04:26:02 UTC] デバッグ：ログイン有効期限以内です。
[17-Nov-2019 04:26:02 UTC] デバッグ：クエリ成功。
[17-Nov-2019 04:26:02 UTC] デバッグ：画像アップロード処理開始
[17-Nov-2019 04:26:02 UTC] デバッグ：FILE情報：Array
(
    [name] => picture.jpg
    [type] => image/jpeg
    [tmp_name] => /Applications/MAMP/tmp/php/phpOuS3Pb
    [error] => 0
    [size] => 951421
)

[17-Nov-2019 04:26:02 UTC] デバッグ：ファイルは正常にアップロードされました
[17-Nov-2019 04:26:02 UTC] デバッグ：ファイルパス：/user_images/dafeab241a33d122af5634c879c52054335ec633.jpeg
[17-Nov-2019 04:26:02 UTC] デバッグ：ログイン済みユーザーです。
[17-Nov-2019 04:26:02 UTC] デバッグ：ログイン有効期限以内です。
[17-Nov-2019 04:26:02 UTC] デバッグ：クエリ成功。
[17-Nov-2019 04:26:07 UTC] デバッグ：ログイン済みユーザーです。
[17-Nov-2019 04:26:07 UTC] デバッグ：ログイン有効期限以内です。
[17-Nov-2019 04:26:07 UTC] デバッグ：クエリ成功。
[17-Nov-2019 04:26:59 UTC] デバッグ：クエリに失敗しました。
[17-Nov-2019 04:27:04 UTC] デバッグ：ログイン済みユーザーです。
[17-Nov-2019 04:27:04 UTC] デバッグ：ログイン有効期限以内です。
[17-Nov-2019 04:27:04 UTC] デバッグ：クエリ成功。
[17-Nov-2019 04:27:04 UTC] デバッグ：クエリ成功。
[17-Nov-2019 04:27:05 UTC] デバッグ：ログイン済みユーザーです。
[17-Nov-2019 04:27:05 UTC] デバッグ：ログイン有効期限以内です。
[17-Nov-2019 04:27:05 UTC] デバッグ：クエリ成功。
[17-Nov-2019 04:27:06 UTC] デバッグ：ログイン済みユーザーです。
[17-Nov-2019 04:27:06 UTC] デバッグ：ログイン有効期限以内です。
[17-Nov-2019 04:27:06 UTC] デバッグ：クエリ成功。
[17-Nov-2019 04:27:36 UTC] デバッグ：ログイン済みユーザーです。
[17-Nov-2019 04:27:36 UTC] デバッグ：ログイン有効期限以内です。
[17-Nov-2019 04:27:36 UTC] デバッグ：クエリ成功。
[17-Nov-2019 04:27:38 UTC] デバッグ：画像アップロード処理開始
[17-Nov-2019 04:27:38 UTC] デバッグ：FILE情報：Array
(
    [name] => bijo.jpg
    [type] => image/jpeg
    [tmp_name] => /Applications/MAMP/tmp/php/phpYaNF6c
    [error] => 0
    [size] => 37155
)

[17-Nov-2019 04:27:38 UTC] デバッグ：ファイルは正常にアップロードされました
[17-Nov-2019 04:27:38 UTC] デバッグ：ファイルパス：/user_images/4796a66a98fe097d4204896aaf20bdd80188ec6d.jpeg
[17-Nov-2019 04:27:38 UTC] デバッグ：ログイン済みユーザーです。
[17-Nov-2019 04:27:38 UTC] デバッグ：ログイン有効期限以内です。
[17-Nov-2019 04:27:38 UTC] デバッグ：クエリ成功。
[17-Nov-2019 04:27:41 UTC] デバッグ：ログイン済みユーザーです。
[17-Nov-2019 04:27:41 UTC] デバッグ：ログイン有効期限以内です。
[17-Nov-2019 04:27:41 UTC] デバッグ：クエリ成功。
[17-Nov-2019 04:27:53 UTC] デバッグ：クエリに失敗しました。
[17-Nov-2019 04:27:56 UTC] デバッグ：ログイン済みユーザーです。
[17-Nov-2019 04:27:56 UTC] デバッグ：ログイン有効期限以内です。
[17-Nov-2019 04:27:56 UTC] デバッグ：クエリ成功。
[17-Nov-2019 04:27:56 UTC] デバッグ：クエリ成功。
[17-Nov-2019 04:28:36 UTC] デバッグ：ログイン済みユーザーです。
[17-Nov-2019 04:28:36 UTC] デバッグ：ログイン有効期限以内です。
[17-Nov-2019 04:28:36 UTC] デバッグ：クエリ成功。
[17-Nov-2019 04:28:52 UTC] デバッグ：ログイン済みユーザーです。
[17-Nov-2019 04:28:52 UTC] デバッグ：ログイン有効期限以内です。
[17-Nov-2019 04:28:52 UTC] デバッグ：クエリ成功。
[17-Nov-2019 04:28:58 UTC] デバッグ：画像アップロード処理開始
[17-Nov-2019 04:28:58 UTC] デバッグ：FILE情報：Array
(
    [name] => bijo.jpg
    [type] => image/jpeg
    [tmp_name] => /Applications/MAMP/tmp/php/phptK3wta
    [error] => 0
    [size] => 37155
)

[17-Nov-2019 04:28:58 UTC] デバッグ：ファイルは正常にアップロードされました
[17-Nov-2019 04:28:58 UTC] デバッグ：ファイルパス：/user_images/4796a66a98fe097d4204896aaf20bdd80188ec6d.jpeg
[17-Nov-2019 04:28:58 UTC] デバッグ：ログイン済みユーザーです。
[17-Nov-2019 04:28:58 UTC] デバッグ：ログイン有効期限以内です。
[17-Nov-2019 04:28:58 UTC] デバッグ：クエリ成功。
[17-Nov-2019 04:29:01 UTC] デバッグ：ログイン済みユーザーです。
[17-Nov-2019 04:29:01 UTC] デバッグ：ログイン有効期限以内です。
[17-Nov-2019 04:29:01 UTC] デバッグ：クエリ成功。
[17-Nov-2019 04:29:32 UTC] デバッグ：クエリに失敗しました。
[17-Nov-2019 04:29:33 UTC] デバッグ：ログイン済みユーザーです。
[17-Nov-2019 04:29:33 UTC] デバッグ：ログイン有効期限以内です。
[17-Nov-2019 04:29:33 UTC] デバッグ：クエリ成功。
[17-Nov-2019 04:29:33 UTC] デバッグ：クエリ成功。
[17-Nov-2019 04:29:39 UTC] デバッグ：ログイン済みユーザーです。
[17-Nov-2019 04:29:39 UTC] デバッグ：ログイン有効期限以内です。
[17-Nov-2019 04:29:39 UTC] デバッグ：クエリ成功。
[17-Nov-2019 04:29:55 UTC] デバッグ：ログイン済みユーザーです。
[17-Nov-2019 04:29:55 UTC] デバッグ：ログイン有効期限以内です。
[17-Nov-2019 04:29:55 UTC] デバッグ：クエリ成功。
[17-Nov-2019 04:29:57 UTC] デバッグ：画像アップロード処理開始
[17-Nov-2019 04:29:57 UTC] デバッグ：FILE情報：Array
(
    [name] => watch.jpg
    [type] => image/jpeg
    [tmp_name] => /Applications/MAMP/tmp/php/phpwgCbhc
    [error] => 0
    [size] => 59490
)

[17-Nov-2019 04:29:57 UTC] デバッグ：ファイルは正常にアップロードされました
[17-Nov-2019 04:29:57 UTC] デバッグ：ファイルパス：/user_images/ff652b60485c2f22f33eef4316e2d1c104eaacc4.jpeg
[17-Nov-2019 04:29:57 UTC] デバッグ：ログイン済みユーザーです。
[17-Nov-2019 04:29:57 UTC] デバッグ：ログイン有効期限以内です。
[17-Nov-2019 04:29:57 UTC] デバッグ：クエリ成功。
[17-Nov-2019 04:30:14 UTC] デバッグ：ログイン済みユーザーです。
[17-Nov-2019 04:30:14 UTC] デバッグ：ログイン有効期限以内です。
[17-Nov-2019 04:30:14 UTC] デバッグ：クエリ成功。
[17-Nov-2019 04:30:18 UTC] デバッグ：クエリに失敗しました。
[17-Nov-2019 04:30:22 UTC] デバッグ：ログイン済みユーザーです。
[17-Nov-2019 04:30:22 UTC] デバッグ：ログイン有効期限以内です。
[17-Nov-2019 04:30:22 UTC] デバッグ：クエリ成功。
[17-Nov-2019 04:30:22 UTC] デバッグ：クエリ成功。
[17-Nov-2019 04:30:25 UTC] デバッグ：ログイン済みユーザーです。
[17-Nov-2019 04:30:25 UTC] デバッグ：ログイン有効期限以内です。
[17-Nov-2019 04:30:25 UTC] デバッグ：クエリ成功。
[17-Nov-2019 04:30:36 UTC] デバッグ：ログイン済みユーザーです。
[17-Nov-2019 04:30:36 UTC] デバッグ：ログイン有効期限以内です。
[17-Nov-2019 04:30:36 UTC] デバッグ：クエリ成功。
[17-Nov-2019 04:30:48 UTC] デバッグ：ログイン済みユーザーです。
[17-Nov-2019 04:30:48 UTC] デバッグ：ログイン有効期限以内です。
[17-Nov-2019 04:30:48 UTC] デバッグ：クエリ成功。
[17-Nov-2019 04:30:48 UTC] デバッグ：画像アップロード処理開始
[17-Nov-2019 04:30:48 UTC] デバッグ：FILE情報：Array
(
    [name] => watch.jpg
    [type] => image/jpeg
    [tmp_name] => /Applications/MAMP/tmp/php/php9CLdxN
    [error] => 0
    [size] => 59490
)

[17-Nov-2019 04:30:48 UTC] デバッグ：ファイルは正常にアップロードされました
[17-Nov-2019 04:30:48 UTC] デバッグ：ファイルパス：/user_images/ff652b60485c2f22f33eef4316e2d1c104eaacc4.jpeg
[17-Nov-2019 04:30:48 UTC] デバッグ：ログイン済みユーザーです。
[17-Nov-2019 04:30:48 UTC] デバッグ：ログイン有効期限以内です。
[17-Nov-2019 04:30:48 UTC] デバッグ：クエリ成功。
[17-Nov-2019 04:30:55 UTC] デバッグ：ログイン済みユーザーです。
[17-Nov-2019 04:30:55 UTC] デバッグ：ログイン有効期限以内です。
[17-Nov-2019 04:30:55 UTC] デバッグ：クエリ成功。
[17-Nov-2019 04:30:55 UTC] デバッグ：ログイン済みユーザーです。
[17-Nov-2019 04:30:55 UTC] デバッグ：ログイン有効期限以内です。
[17-Nov-2019 04:30:55 UTC] デバッグ：クエリ成功。
[17-Nov-2019 04:33:42 UTC] デバッグ：クエリに失敗しました。
[17-Nov-2019 04:33:56 UTC] デバッグ：ログイン済みユーザーです。
[17-Nov-2019 04:33:56 UTC] デバッグ：ログイン有効期限以内です。
[17-Nov-2019 04:33:56 UTC] デバッグ：クエリ成功。
[17-Nov-2019 04:33:56 UTC] デバッグ：クエリ成功。
[17-Nov-2019 04:33:57 UTC] デバッグ：クエリに失敗しました。
[17-Nov-2019 04:34:00 UTC] デバッグ：ログイン済みユーザーです。
[17-Nov-2019 04:34:00 UTC] デバッグ：ログイン有効期限以内です。
[17-Nov-2019 04:34:00 UTC] デバッグ：クエリ成功。
[17-Nov-2019 04:34:09 UTC] デバッグ：ログイン済みユーザーです。
[17-Nov-2019 04:34:09 UTC] デバッグ：ログイン有効期限以内です。
[17-Nov-2019 04:34:09 UTC] デバッグ：クエリ成功。
[17-Nov-2019 04:34:09 UTC] デバッグ：画像アップロード処理開始
[17-Nov-2019 04:34:09 UTC] デバッグ：FILE情報：Array
(
    [name] => watch.jpg
    [type] => image/jpeg
    [tmp_name] => /Applications/MAMP/tmp/php/phpEqwAFL
    [error] => 0
    [size] => 59490
)

[17-Nov-2019 04:34:09 UTC] デバッグ：ファイルは正常にアップロードされました
[17-Nov-2019 04:34:09 UTC] デバッグ：ファイルパス：/user_images/ff652b60485c2f22f33eef4316e2d1c104eaacc4.jpeg
[17-Nov-2019 04:34:09 UTC] デバッグ：ログイン済みユーザーです。
[17-Nov-2019 04:34:09 UTC] デバッグ：ログイン有効期限以内です。
[17-Nov-2019 04:34:09 UTC] デバッグ：クエリ成功。
[17-Nov-2019 04:34:12 UTC] デバッグ：ログイン済みユーザーです。
[17-Nov-2019 04:34:12 UTC] デバッグ：ログイン有効期限以内です。
[17-Nov-2019 04:34:12 UTC] デバッグ：クエリ成功。
[17-Nov-2019 04:36:25 UTC] デバッグ：クエリ成功。
[17-Nov-2019 04:36:27 UTC] デバッグ：ログイン済みユーザーです。
[17-Nov-2019 04:36:27 UTC] デバッグ：ログイン有効期限以内です。
[17-Nov-2019 04:36:27 UTC] デバッグ：クエリ成功。
[17-Nov-2019 04:36:27 UTC] デバッグ：クエリ成功。
[17-Nov-2019 04:36:35 UTC] デバッグ：ログイン済みユーザーです。
[17-Nov-2019 04:36:35 UTC] デバッグ：ログイン有効期限以内です。
[17-Nov-2019 04:36:35 UTC] デバッグ：クエリ成功。
[17-Nov-2019 04:36:35 UTC] デバッグ：クエリ成功。
[17-Nov-2019 04:36:37 UTC] デバッグ：ログイン済みユーザーです。
[17-Nov-2019 04:36:37 UTC] デバッグ：ログイン有効期限以内です。
[17-Nov-2019 04:36:37 UTC] デバッグ：クエリ成功。
[17-Nov-2019 04:36:37 UTC] デバッグ：クエリ成功。
[17-Nov-2019 04:36:38 UTC] デバッグ：ログイン済みユーザーです。
[17-Nov-2019 04:36:38 UTC] デバッグ：ログイン有効期限以内です。
[17-Nov-2019 04:36:38 UTC] デバッグ：クエリ成功。
[17-Nov-2019 04:36:38 UTC] デバッグ：クエリ成功。
[17-Nov-2019 04:36:40 UTC] デバッグ：ログイン済みユーザーです。
[17-Nov-2019 04:36:40 UTC] デバッグ：ログイン有効期限以内です。
[17-Nov-2019 04:36:40 UTC] デバッグ：クエリ成功。
[17-Nov-2019 04:36:40 UTC] デバッグ：クエリ成功。
[17-Nov-2019 04:36:44 UTC] デバッグ：ログイン済みユーザーです。
[17-Nov-2019 04:36:44 UTC] デバッグ：ログイン有効期限以内です。
[17-Nov-2019 04:36:44 UTC] デバッグ：クエリ成功。
[17-Nov-2019 04:36:44 UTC] デバッグ：クエリ成功。
[17-Nov-2019 04:36:47 UTC] デバッグ：ログイン済みユーザーです。
[17-Nov-2019 04:36:47 UTC] デバッグ：ログイン有効期限以内です。
[17-Nov-2019 04:36:47 UTC] デバッグ：クエリ成功。
[17-Nov-2019 04:36:47 UTC] デバッグ：クエリ成功。
[17-Nov-2019 04:36:49 UTC] デバッグ：ログイン済みユーザーです。
[17-Nov-2019 04:36:49 UTC] デバッグ：ログイン有効期限以内です。
[17-Nov-2019 04:36:49 UTC] デバッグ：クエリ成功。
[17-Nov-2019 04:36:49 UTC] デバッグ：クエリ成功。
[17-Nov-2019 04:39:53 UTC] デバッグ：ログイン済みユーザーです。
[17-Nov-2019 04:39:53 UTC] デバッグ：ログイン有効期限以内です。
[17-Nov-2019 04:39:53 UTC] デバッグ：クエリ成功。
[17-Nov-2019 04:39:53 UTC] デバッグ：クエリ成功。
[17-Nov-2019 04:42:32 UTC] デバッグ：ログイン済みユーザーです。
[17-Nov-2019 04:42:32 UTC] デバッグ：ログイン有効期限以内です。
[17-Nov-2019 04:42:32 UTC] デバッグ：クエリ成功。
[17-Nov-2019 04:42:32 UTC] デバッグ：クエリ成功。
[17-Nov-2019 04:42:34 UTC] デバッグ：ログイン済みユーザーです。
[17-Nov-2019 04:42:34 UTC] デバッグ：ログイン有効期限以内です。
[17-Nov-2019 04:42:34 UTC] デバッグ：クエリ成功。
[17-Nov-2019 04:42:34 UTC] デバッグ：クエリ成功。
[17-Nov-2019 04:42:35 UTC] デバッグ：ログイン済みユーザーです。
[17-Nov-2019 04:42:35 UTC] デバッグ：ログイン有効期限以内です。
[17-Nov-2019 04:42:35 UTC] デバッグ：クエリ成功。
[17-Nov-2019 04:42:35 UTC] デバッグ：クエリ成功。
[17-Nov-2019 04:42:37 UTC] デバッグ：ログイン済みユーザーです。
[17-Nov-2019 04:42:37 UTC] デバッグ：ログイン有効期限以内です。
[17-Nov-2019 04:42:37 UTC] デバッグ：クエリ成功。
[17-Nov-2019 04:42:37 UTC] デバッグ：クエリ成功。
[17-Nov-2019 04:46:05 UTC] デバッグ：ログイン済みユーザーです。
[17-Nov-2019 04:46:05 UTC] デバッグ：ログイン有効期限以内です。
[17-Nov-2019 04:46:05 UTC] デバッグ：クエリ成功。
[17-Nov-2019 04:46:05 UTC] デバッグ：クエリ成功。
[17-Nov-2019 04:46:08 UTC] デバッグ：ログイン済みユーザーです。
[17-Nov-2019 04:46:08 UTC] デバッグ：ログイン有効期限以内です。
[17-Nov-2019 04:46:08 UTC] デバッグ：クエリ成功。
[17-Nov-2019 04:46:08 UTC] デバッグ：クエリ成功。
[17-Nov-2019 04:46:11 UTC] デバッグ：ログイン済みユーザーです。
[17-Nov-2019 04:46:11 UTC] デバッグ：ログイン有効期限以内です。
[17-Nov-2019 04:46:11 UTC] デバッグ：クエリ成功。
[17-Nov-2019 04:46:11 UTC] デバッグ：クエリ成功。
[17-Nov-2019 04:46:11 UTC] デバッグ：ログイン済みユーザーです。
[17-Nov-2019 04:46:11 UTC] デバッグ：ログイン有効期限以内です。
[17-Nov-2019 04:46:11 UTC] デバッグ：クエリ成功。
[17-Nov-2019 04:46:12 UTC] デバッグ：ログイン済みユーザーです。
[17-Nov-2019 04:46:12 UTC] デバッグ：ログイン有効期限以内です。
[17-Nov-2019 04:46:12 UTC] デバッグ：クエリ成功。
[17-Nov-2019 04:46:12 UTC] デバッグ：クエリ成功。
[17-Nov-2019 04:46:31 UTC] デバッグ：ログイン済みユーザーです。
[17-Nov-2019 04:46:31 UTC] デバッグ：ログイン有効期限以内です。
[17-Nov-2019 04:46:31 UTC] デバッグ：クエリ成功。
[17-Nov-2019 04:46:31 UTC] デバッグ：クエリ成功。
[17-Nov-2019 04:46:36 UTC] デバッグ：ログイン済みユーザーです。
[17-Nov-2019 04:46:36 UTC] デバッグ：ログイン有効期限以内です。
[17-Nov-2019 04:46:36 UTC] デバッグ：クエリ成功。
[17-Nov-2019 04:46:36 UTC] デバッグ：クエリ成功。
[17-Nov-2019 04:46:37 UTC] デバッグ：ログイン済みユーザーです。
[17-Nov-2019 04:46:37 UTC] デバッグ：ログイン有効期限以内です。
[17-Nov-2019 04:46:37 UTC] デバッグ：クエリ成功。
[17-Nov-2019 04:46:37 UTC] デバッグ：クエリ成功。
[17-Nov-2019 04:46:38 UTC] デバッグ：ログイン済みユーザーです。
[17-Nov-2019 04:46:38 UTC] デバッグ：ログイン有効期限以内です。
[17-Nov-2019 04:46:38 UTC] デバッグ：クエリ成功。
[17-Nov-2019 04:46:38 UTC] デバッグ：クエリ成功。
[17-Nov-2019 04:46:40 UTC] デバッグ：ログイン済みユーザーです。
[17-Nov-2019 04:46:40 UTC] デバッグ：ログイン有効期限以内です。
[17-Nov-2019 04:46:40 UTC] デバッグ：クエリ成功。
[17-Nov-2019 04:46:40 UTC] デバッグ：クエリ成功。
[17-Nov-2019 04:46:42 UTC] デバッグ：ログイン済みユーザーです。
[17-Nov-2019 04:46:42 UTC] デバッグ：ログイン有効期限以内です。
[17-Nov-2019 04:46:42 UTC] デバッグ：クエリ成功。
[17-Nov-2019 04:46:42 UTC] デバッグ：クエリ成功。
[17-Nov-2019 04:46:43 UTC] デバッグ：ログイン済みユーザーです。
[17-Nov-2019 04:46:43 UTC] デバッグ：ログイン有効期限以内です。
[17-Nov-2019 04:46:43 UTC] デバッグ：クエリ成功。
[17-Nov-2019 04:46:43 UTC] デバッグ：クエリ成功。
[17-Nov-2019 04:46:44 UTC] デバッグ：ログイン済みユーザーです。
[17-Nov-2019 04:46:44 UTC] デバッグ：ログイン有効期限以内です。
[17-Nov-2019 04:46:44 UTC] デバッグ：クエリ成功。
[17-Nov-2019 04:46:44 UTC] デバッグ：クエリ成功。
[17-Nov-2019 04:46:45 UTC] デバッグ：ログイン済みユーザーです。
[17-Nov-2019 04:46:45 UTC] デバッグ：ログイン有効期限以内です。
[17-Nov-2019 04:46:45 UTC] デバッグ：クエリ成功。
[17-Nov-2019 04:46:45 UTC] デバッグ：クエリ成功。
[17-Nov-2019 04:47:13 UTC] デバッグ：ログイン済みユーザーです。
[17-Nov-2019 04:47:13 UTC] デバッグ：ログイン有効期限以内です。
[17-Nov-2019 04:47:13 UTC] デバッグ：クエリ成功。
[17-Nov-2019 04:47:13 UTC] デバッグ：クエリ成功。
[17-Nov-2019 04:47:15 UTC] デバッグ：ログイン済みユーザーです。
[17-Nov-2019 04:47:15 UTC] デバッグ：ログイン有効期限以内です。
[17-Nov-2019 04:47:15 UTC] デバッグ：クエリ成功。
[17-Nov-2019 04:47:26 UTC] デバッグ：ログイン済みユーザーです。
[17-Nov-2019 04:47:26 UTC] デバッグ：ログイン有効期限以内です。
[17-Nov-2019 04:47:26 UTC] デバッグ：クエリ成功。
[17-Nov-2019 04:47:26 UTC] デバッグ：画像アップロード処理開始
[17-Nov-2019 04:47:26 UTC] デバッグ：FILE情報：Array
(
    [name] => bijo.jpg
    [type] => image/jpeg
    [tmp_name] => /Applications/MAMP/tmp/php/phppnBXcI
    [error] => 0
    [size] => 37155
)

[17-Nov-2019 04:47:26 UTC] デバッグ：ファイルは正常にアップロードされました
[17-Nov-2019 04:47:26 UTC] デバッグ：ファイルパス：/user_images/4796a66a98fe097d4204896aaf20bdd80188ec6d.jpeg
[17-Nov-2019 04:47:27 UTC] デバッグ：ログイン済みユーザーです。
[17-Nov-2019 04:47:27 UTC] デバッグ：ログイン有効期限以内です。
[17-Nov-2019 04:47:27 UTC] デバッグ：クエリ成功。
[17-Nov-2019 04:47:29 UTC] デバッグ：ログイン済みユーザーです。
[17-Nov-2019 04:47:29 UTC] デバッグ：ログイン有効期限以内です。
[17-Nov-2019 04:47:29 UTC] デバッグ：クエリ成功。
[17-Nov-2019 04:47:29 UTC] デバッグ：クエリ成功。
[17-Nov-2019 04:47:29 UTC] デバッグ：ログイン済みユーザーです。
[17-Nov-2019 04:47:29 UTC] デバッグ：ログイン有効期限以内です。
[17-Nov-2019 04:47:29 UTC] デバッグ：クエリ成功。
[17-Nov-2019 04:47:31 UTC] デバッグ：ログイン済みユーザーです。
[17-Nov-2019 04:47:31 UTC] デバッグ：ログイン有効期限以内です。
[17-Nov-2019 04:47:31 UTC] デバッグ：クエリ成功。
[17-Nov-2019 04:47:31 UTC] デバッグ：クエリ成功。
[17-Nov-2019 04:47:31 UTC] デバッグ：ログイン済みユーザーです。
[17-Nov-2019 04:47:31 UTC] デバッグ：ログイン有効期限以内です。
[17-Nov-2019 04:47:31 UTC] デバッグ：クエリ成功。
[17-Nov-2019 04:47:31 UTC] デバッグ：クエリ成功。
[17-Nov-2019 04:47:49 UTC] デバッグ：ログイン済みユーザーです。
[17-Nov-2019 04:47:49 UTC] デバッグ：ログイン有効期限以内です。
[17-Nov-2019 04:47:49 UTC] デバッグ：クエリ成功。
[17-Nov-2019 04:47:49 UTC] デバッグ：クエリ成功。
[17-Nov-2019 04:53:18 UTC] デバッグ：ログイン済みユーザーです。
[17-Nov-2019 04:53:18 UTC] デバッグ：ログイン有効期限以内です。
[17-Nov-2019 04:53:18 UTC] デバッグ：クエリ成功。
[17-Nov-2019 04:53:18 UTC] デバッグ：クエリ成功。
[17-Nov-2019 04:53:43 UTC] デバッグ：ログイン済みユーザーです。
[17-Nov-2019 04:53:43 UTC] デバッグ：ログイン有効期限以内です。
[17-Nov-2019 04:53:43 UTC] デバッグ：クエリ成功。
[17-Nov-2019 04:53:43 UTC] デバッグ：クエリ成功。
[17-Nov-2019 04:54:00 UTC] デバッグ：ログイン済みユーザーです。
[17-Nov-2019 04:54:00 UTC] デバッグ：ログイン有効期限以内です。
[17-Nov-2019 04:54:00 UTC] デバッグ：クエリ成功。
[17-Nov-2019 04:54:00 UTC] デバッグ：クエリ成功。
[17-Nov-2019 04:54:08 UTC] デバッグ：ログイン済みユーザーです。
[17-Nov-2019 04:54:08 UTC] デバッグ：ログイン有効期限以内です。
[17-Nov-2019 04:54:08 UTC] デバッグ：クエリ成功。
[17-Nov-2019 04:54:08 UTC] デバッグ：クエリ成功。
[17-Nov-2019 04:54:11 UTC] デバッグ：ログイン済みユーザーです。
[17-Nov-2019 04:54:11 UTC] デバッグ：ログイン有効期限以内です。
[17-Nov-2019 04:54:11 UTC] デバッグ：クエリ成功。
[17-Nov-2019 04:54:11 UTC] デバッグ：クエリ成功。
[17-Nov-2019 04:54:11 UTC] デバッグ：クエリ成功。
[17-Nov-2019 04:54:16 UTC] デバッグ：ログイン済みユーザーです。
[17-Nov-2019 04:54:16 UTC] デバッグ：ログイン有効期限以内です。
[17-Nov-2019 04:54:16 UTC] デバッグ：クエリ成功。
[17-Nov-2019 04:54:16 UTC] デバッグ：クエリ成功。
[17-Nov-2019 04:54:19 UTC] デバッグ：ログイン済みユーザーです。
[17-Nov-2019 04:54:19 UTC] デバッグ：ログイン有効期限以内です。
[17-Nov-2019 04:54:19 UTC] デバッグ：クエリ成功。
[17-Nov-2019 04:54:19 UTC] デバッグ：クエリ成功。
[17-Nov-2019 04:54:20 UTC] デバッグ：ログイン済みユーザーです。
[17-Nov-2019 04:54:20 UTC] デバッグ：ログイン有効期限以内です。
[17-Nov-2019 04:54:20 UTC] デバッグ：クエリ成功。
[17-Nov-2019 04:54:24 UTC] デバッグ：ログイン済みユーザーです。
[17-Nov-2019 04:54:24 UTC] デバッグ：ログイン有効期限以内です。
[17-Nov-2019 04:54:24 UTC] デバッグ：クエリ成功。
[17-Nov-2019 04:54:24 UTC] デバッグ：クエリ成功。
[17-Nov-2019 04:54:25 UTC] デバッグ：ログイン済みユーザーです。
[17-Nov-2019 04:54:25 UTC] デバッグ：ログイン有効期限以内です。
[17-Nov-2019 04:54:25 UTC] デバッグ：クエリ成功。
[17-Nov-2019 04:54:25 UTC] デバッグ：クエリ成功。
[17-Nov-2019 04:54:25 UTC] デバッグ：クエリ成功。
[17-Nov-2019 05:07:48 UTC] デバッグ：ログイン済みユーザーです。
[17-Nov-2019 05:07:48 UTC] デバッグ：ログイン有効期限以内です。
[17-Nov-2019 05:07:48 UTC] デバッグ：クエリ成功。
[17-Nov-2019 05:07:48 UTC] デバッグ：クエリ成功。
[17-Nov-2019 05:08:07 UTC] デバッグ：ログイン済みユーザーです。
[17-Nov-2019 05:08:07 UTC] デバッグ：ログイン有効期限以内です。
[17-Nov-2019 05:08:07 UTC] デバッグ：クエリ成功。
[17-Nov-2019 05:08:07 UTC] デバッグ：クエリ成功。
[17-Nov-2019 05:08:54 UTC] デバッグ：ログイン済みユーザーです。
[17-Nov-2019 05:08:54 UTC] デバッグ：ログイン有効期限以内です。
[17-Nov-2019 05:08:54 UTC] デバッグ：クエリ成功。
[17-Nov-2019 05:08:54 UTC] デバッグ：クエリ成功。
[17-Nov-2019 05:09:14 UTC] デバッグ：ログイン済みユーザーです。
[17-Nov-2019 05:09:14 UTC] デバッグ：ログイン有効期限以内です。
[17-Nov-2019 05:09:14 UTC] デバッグ：クエリ成功。
[17-Nov-2019 05:09:14 UTC] デバッグ：クエリ成功。
[17-Nov-2019 05:14:13 UTC] デバッグ：ログイン済みユーザーです。
[17-Nov-2019 05:14:13 UTC] デバッグ：ログイン有効期限以内です。
[17-Nov-2019 05:14:13 UTC] デバッグ：クエリ成功。
[17-Nov-2019 05:14:13 UTC] デバッグ：クエリ成功。
[17-Nov-2019 05:17:22 UTC] デバッグ：ログイン済みユーザーです。
[17-Nov-2019 05:17:22 UTC] デバッグ：ログイン有効期限以内です。
[17-Nov-2019 05:17:22 UTC] デバッグ：クエリ成功。
[17-Nov-2019 05:17:22 UTC] デバッグ：クエリ成功。
[17-Nov-2019 05:35:47 UTC] デバッグ：ログイン済みユーザーです。
[17-Nov-2019 05:35:47 UTC] デバッグ：ログイン有効期限以内です。
[17-Nov-2019 05:35:47 UTC] デバッグ：クエリ成功。
[17-Nov-2019 05:35:47 UTC] デバッグ：クエリ成功。
[17-Nov-2019 05:36:01 UTC] デバッグ：ログイン済みユーザーです。
[17-Nov-2019 05:36:01 UTC] デバッグ：ログイン有効期限以内です。
[17-Nov-2019 05:36:01 UTC] デバッグ：クエリ成功。
[17-Nov-2019 05:36:01 UTC] デバッグ：クエリ成功。
[17-Nov-2019 05:37:18 UTC] デバッグ：ログイン済みユーザーです。
[17-Nov-2019 05:37:18 UTC] デバッグ：ログイン有効期限以内です。
[17-Nov-2019 05:37:18 UTC] デバッグ：クエリ成功。
[17-Nov-2019 05:37:18 UTC] デバッグ：クエリ成功。
[17-Nov-2019 05:37:40 UTC] デバッグ：ログイン済みユーザーです。
[17-Nov-2019 05:37:40 UTC] デバッグ：ログイン有効期限以内です。
[17-Nov-2019 05:37:40 UTC] デバッグ：クエリ成功。
[17-Nov-2019 05:37:40 UTC] デバッグ：クエリ成功。
[17-Nov-2019 05:38:31 UTC] デバッグ：ログイン済みユーザーです。
[17-Nov-2019 05:38:31 UTC] デバッグ：ログイン有効期限以内です。
[17-Nov-2019 05:38:31 UTC] デバッグ：クエリ成功。
[17-Nov-2019 05:38:31 UTC] デバッグ：クエリ成功。
[17-Nov-2019 05:38:33 UTC] デバッグ：ログイン済みユーザーです。
[17-Nov-2019 05:38:33 UTC] デバッグ：ログイン有効期限以内です。
[17-Nov-2019 05:38:33 UTC] デバッグ：クエリ成功。
[17-Nov-2019 05:38:33 UTC] デバッグ：クエリ成功。
[17-Nov-2019 05:38:33 UTC] デバッグ：クエリ成功。
[17-Nov-2019 05:38:33 UTC] デバッグ：クエリ成功。
[17-Nov-2019 05:38:51 UTC] デバッグ：ログイン済みユーザーです。
[17-Nov-2019 05:38:51 UTC] デバッグ：ログイン有効期限以内です。
[17-Nov-2019 05:38:51 UTC] デバッグ：クエリ成功。
[17-Nov-2019 05:38:51 UTC] デバッグ：クエリ成功。
[17-Nov-2019 05:42:57 UTC] デバッグ：ログイン済みユーザーです。
[17-Nov-2019 05:42:57 UTC] デバッグ：ログイン有効期限以内です。
[17-Nov-2019 05:42:57 UTC] デバッグ：クエリ成功。
[17-Nov-2019 05:42:57 UTC] デバッグ：クエリ成功。
[17-Nov-2019 05:49:32 UTC] デバッグ：ログイン済みユーザーです。
[17-Nov-2019 05:49:32 UTC] デバッグ：ログイン有効期限以内です。
[17-Nov-2019 05:49:32 UTC] デバッグ：クエリ成功。
[17-Nov-2019 05:49:32 UTC] デバッグ：クエリ成功。
[17-Nov-2019 05:49:34 UTC] デバッグ：ログイン済みユーザーです。
[17-Nov-2019 05:49:34 UTC] デバッグ：ログイン有効期限以内です。
[17-Nov-2019 05:49:34 UTC] デバッグ：クエリ成功。
[17-Nov-2019 05:49:34 UTC] デバッグ：クエリ成功。
[17-Nov-2019 05:49:36 UTC] デバッグ：ログイン済みユーザーです。
[17-Nov-2019 05:49:36 UTC] デバッグ：ログイン有効期限以内です。
[17-Nov-2019 05:49:36 UTC] デバッグ：クエリ成功。
[17-Nov-2019 05:49:36 UTC] デバッグ：クエリ成功。
[18-Nov-2019 10:22:20 UTC] デバッグ：ログイン済みユーザーです。
[18-Nov-2019 10:22:20 UTC] デバッグ：ログイン有効期限以内です。
[18-Nov-2019 10:22:20 UTC] デバッグ：クエリ成功。
[18-Nov-2019 10:22:20 UTC] デバッグ：クエリ成功。
[18-Nov-2019 10:22:24 UTC] デバッグ：ログイン済みユーザーです。
[18-Nov-2019 10:22:24 UTC] デバッグ：ログイン有効期限以内です。
[18-Nov-2019 10:22:24 UTC] デバッグ：クエリ成功。
[18-Nov-2019 10:22:24 UTC] デバッグ：クエリ成功。
[18-Nov-2019 10:22:25 UTC] デバッグ：ログイン済みユーザーです。
[18-Nov-2019 10:22:25 UTC] デバッグ：ログイン有効期限以内です。
[18-Nov-2019 10:22:25 UTC] デバッグ：クエリ成功。
[18-Nov-2019 10:22:25 UTC] デバッグ：クエリ成功。
[18-Nov-2019 10:22:29 UTC] デバッグ：ログイン済みユーザーです。
[18-Nov-2019 10:22:29 UTC] デバッグ：ログイン有効期限以内です。
[18-Nov-2019 10:22:29 UTC] デバッグ：クエリ成功。
[18-Nov-2019 10:22:29 UTC] デバッグ：クエリ成功。
[18-Nov-2019 10:22:30 UTC] デバッグ：ログイン済みユーザーです。
[18-Nov-2019 10:22:30 UTC] デバッグ：ログイン有効期限以内です。
[18-Nov-2019 10:22:30 UTC] デバッグ：クエリ成功。
[18-Nov-2019 10:22:32 UTC] デバッグ：ログイン済みユーザーです。
[18-Nov-2019 10:22:32 UTC] デバッグ：ログイン有効期限以内です。
[18-Nov-2019 10:22:32 UTC] デバッグ：クエリ成功。
[18-Nov-2019 10:22:32 UTC] デバッグ：クエリ成功。
[18-Nov-2019 10:23:14 UTC] デバッグ：ログイン済みユーザーです。
[18-Nov-2019 10:23:14 UTC] デバッグ：ログイン有効期限以内です。
[18-Nov-2019 10:23:14 UTC] デバッグ：クエリ成功。
[18-Nov-2019 10:23:14 UTC] デバッグ：クエリ成功。
[18-Nov-2019 10:24:29 UTC] デバッグ：ログイン済みユーザーです。
[18-Nov-2019 10:24:29 UTC] デバッグ：ログイン有効期限以内です。
[18-Nov-2019 10:24:29 UTC] デバッグ：クエリ成功。
[18-Nov-2019 10:24:29 UTC] デバッグ：クエリ成功。
[19-Nov-2019 10:22:26 UTC] デバッグ：ログイン済みユーザーです。
[19-Nov-2019 10:22:26 UTC] デバッグ：ログイン有効期限以内です。
[19-Nov-2019 10:22:26 UTC] デバッグ：クエリ成功。
[19-Nov-2019 10:22:26 UTC] デバッグ：クエリ成功。
[19-Nov-2019 10:22:35 UTC] デバッグ：ログイン済みユーザーです。
[19-Nov-2019 10:22:35 UTC] デバッグ：ログイン有効期限以内です。
[19-Nov-2019 10:22:35 UTC] デバッグ：クエリ成功。
[19-Nov-2019 10:22:35 UTC] デバッグ：クエリ成功。
[19-Nov-2019 10:22:37 UTC] デバッグ：ログイン済みユーザーです。
[19-Nov-2019 10:22:37 UTC] デバッグ：ログイン有効期限以内です。
[19-Nov-2019 10:22:37 UTC] デバッグ：クエリ成功。
[19-Nov-2019 10:22:37 UTC] デバッグ：クエリ成功。
[19-Nov-2019 10:22:39 UTC] デバッグ：ログイン済みユーザーです。
[19-Nov-2019 10:22:39 UTC] デバッグ：ログイン有効期限以内です。
[19-Nov-2019 10:22:39 UTC] デバッグ：クエリ成功。
[19-Nov-2019 10:22:39 UTC] デバッグ：クエリ成功。
[19-Nov-2019 10:22:43 UTC] デバッグ：ログイン済みユーザーです。
[19-Nov-2019 10:22:43 UTC] デバッグ：ログイン有効期限以内です。
[19-Nov-2019 10:22:43 UTC] デバッグ：クエリ成功。
[19-Nov-2019 10:22:43 UTC] デバッグ：クエリ成功。
[19-Nov-2019 10:22:44 UTC] デバッグ：ログイン済みユーザーです。
[19-Nov-2019 10:22:44 UTC] デバッグ：ログイン有効期限以内です。
[19-Nov-2019 10:22:44 UTC] デバッグ：クエリ成功。
[19-Nov-2019 10:22:47 UTC] デバッグ：ログイン済みユーザーです。
[19-Nov-2019 10:22:47 UTC] デバッグ：ログイン有効期限以内です。
[19-Nov-2019 10:22:47 UTC] デバッグ：クエリ成功。
[19-Nov-2019 10:22:47 UTC] デバッグ：クエリ成功。
